2025-07-08 00:26:30.079 [background-preinit] INFO  o.h.validator.internal.util.Version - HV000001: Hibernate Validator 8.0.1.Final
2025-07-08 00:26:30.138 [main] INFO  r.k.ClientModule.ClientModuleApp - Starting ClientModuleApp using Java 17.0.15 with PID 16208 (C:\Users\egor5\Desktop\OTUS\FitnessClub\ClientModule\target\classes started by egor5 in C:\Users\egor5\Desktop\OTUS\FitnessClub)
2025-07-08 00:26:30.139 [main] INFO  r.k.ClientModule.ClientModuleApp - No active profile set, falling back to 1 default profile: "default"
2025-07-08 00:26:30.916 [main] INFO  o.s.d.r.c.RepositoryConfigurationDelegate - Bootstrapping Spring Data JPA repositories in DEFAULT mode.
2025-07-08 00:26:30.965 [main] INFO  o.s.d.r.c.RepositoryConfigurationDelegate - Finished Spring Data repository scanning in 42 ms. Found 2 JPA repository interfaces.
2025-07-08 00:26:31.482 [main] INFO  o.s.b.w.e.tomcat.TomcatWebServer - Tomcat initialized with port 8081 (http)
2025-07-08 00:26:31.490 [main] INFO  o.a.coyote.http11.Http11NioProtocol - Initializing ProtocolHandler ["http-nio-8081"]
2025-07-08 00:26:31.491 [main] INFO  o.a.catalina.core.StandardService - Starting service [Tomcat]
2025-07-08 00:26:31.491 [main] INFO  o.a.catalina.core.StandardEngine - Starting Servlet engine: [Apache Tomcat/10.1.33]
2025-07-08 00:26:31.562 [main] INFO  o.a.c.c.C.[Tomcat].[localhost].[/] - Initializing Spring embedded WebApplicationContext
2025-07-08 00:26:31.563 [main] INFO  o.s.b.w.s.c.ServletWebServerApplicationContext - Root WebApplicationContext: initialization completed in 1388 ms
2025-07-08 00:26:31.927 [main] INFO  com.zaxxer.hikari.HikariDataSource - HikariPool-1 - Starting...
2025-07-08 00:26:32.021 [main] INFO  com.zaxxer.hikari.pool.HikariPool - HikariPool-1 - Added connection org.postgresql.jdbc.PgConnection@27053257
2025-07-08 00:26:32.022 [main] INFO  com.zaxxer.hikari.HikariDataSource - HikariPool-1 - Start completed.
2025-07-08 00:26:32.119 [main] INFO  liquibase.database - Set default schema name to public
2025-07-08 00:26:32.341 [main] INFO  liquibase.changelog - Reading from public.databasechangelog
2025-07-08 00:26:32.380 [main] INFO  liquibase.ui - Database is up to date, no changesets to execute
2025-07-08 00:26:32.382 [main] INFO  liquibase.changelog - Reading from public.databasechangelog
2025-07-08 00:26:32.388 [main] INFO  liquibase.util - UPDATE SUMMARY
2025-07-08 00:26:32.388 [main] INFO  liquibase.util - Run:                          0
2025-07-08 00:26:32.388 [main] INFO  liquibase.util - Previously run:               7
2025-07-08 00:26:32.388 [main] INFO  liquibase.util - Filtered out:                 0
2025-07-08 00:26:32.388 [main] INFO  liquibase.util - -------------------------------
2025-07-08 00:26:32.388 [main] INFO  liquibase.util - Total change sets:            7
2025-07-08 00:26:32.389 [main] INFO  liquibase.util - Update summary generated
2025-07-08 00:26:32.390 [main] INFO  liquibase.command - Command execution complete
2025-07-08 00:26:32.452 [main] INFO  o.h.jpa.internal.util.LogHelper - HHH000204: Processing PersistenceUnitInfo [name: default]
2025-07-08 00:26:32.500 [main] INFO  org.hibernate.Version - HHH000412: Hibernate ORM core version 6.6.2.Final
2025-07-08 00:26:32.527 [main] INFO  o.h.c.i.RegionFactoryInitiator - HHH000026: Second-level cache disabled
2025-07-08 00:26:32.747 [main] INFO  o.s.o.j.p.SpringPersistenceUnitInfo - No LoadTimeWeaver setup: ignoring JPA class transformer
2025-07-08 00:26:32.788 [main] WARN  org.hibernate.orm.deprecation - HHH90000025: PostgreSQLDialect does not need to be specified explicitly using 'hibernate.dialect' (remove the property setting and it will be selected by default)
2025-07-08 00:26:32.801 [main] INFO  o.hibernate.orm.connections.pooling - HHH10001005: Database info:
	Database JDBC URL [Connecting through datasource 'HikariDataSource (HikariPool-1)']
	Database driver: undefined/unknown
	Database version: 15.13
	Autocommit mode: undefined/unknown
	Isolation level: undefined/unknown
	Minimum pool size: undefined/unknown
	Maximum pool size: undefined/unknown
2025-07-08 00:26:33.485 [main] INFO  o.h.e.t.j.p.i.JtaPlatformInitiator - HHH000489: No JTA platform available (set 'hibernate.transaction.jta.platform' to enable JTA platform integration)
2025-07-08 00:26:33.487 [main] INFO  o.s.o.j.LocalContainerEntityManagerFactoryBean - Initialized JPA EntityManagerFactory for persistence unit 'default'
2025-07-08 00:26:33.829 [main] WARN  o.s.b.a.o.j.JpaBaseConfiguration$JpaWebConfiguration - spring.jpa.open-in-view is enabled by default. Therefore, database queries may be performed during view rendering. Explicitly configure spring.jpa.open-in-view to disable this warning
2025-07-08 00:26:34.364 [main] INFO  o.s.b.a.e.web.EndpointLinksResolver - Exposing 15 endpoints beneath base path '/actuator'
2025-07-08 00:26:34.409 [main] INFO  o.a.coyote.http11.Http11NioProtocol - Starting ProtocolHandler ["http-nio-8081"]
2025-07-08 00:26:34.420 [main] INFO  o.s.b.w.e.tomcat.TomcatWebServer - Tomcat started on port 8081 (http) with context path '/'
2025-07-08 00:26:34.434 [main] INFO  r.k.ClientModule.ClientModuleApp - Started ClientModuleApp in 4.832 seconds (process running for 5.331)
2025-07-08 00:26:34.822 [RMI TCP Connection(1)-192.168.56.1] INFO  o.a.c.c.C.[Tomcat].[localhost].[/] - Initializing Spring DispatcherServlet 'dispatcherServlet'
2025-07-08 00:26:34.822 [RMI TCP Connection(1)-192.168.56.1] INFO  o.s.web.servlet.DispatcherServlet - Initializing Servlet 'dispatcherServlet'
2025-07-08 00:26:34.823 [RMI TCP Connection(1)-192.168.56.1] INFO  o.s.web.servlet.DispatcherServlet - Completed initialization in 1 ms
2025-07-08 00:28:05.627 [http-nio-8081-exec-1] INFO  r.k.C.controller.ClientController - GetAllClients
2025-07-08 00:28:12.132 [http-nio-8081-exec-3] INFO  r.k.C.controller.ClientController - getClientByTelegramUser egorkhaziev
2025-07-08 00:28:30.598 [http-nio-8081-exec-2] INFO  r.k.C.controller.ClientController - getClient 1
2025-07-08 00:28:36.621 [http-nio-8081-exec-4] INFO  r.k.C.controller.ClientController - getClient 1
2025-07-08 00:28:37.483 [http-nio-8081-exec-5] INFO  r.k.C.controller.ClientController - getClient 1
2025-07-08 00:28:38.279 [http-nio-8081-exec-6] INFO  r.k.C.controller.ClientController - getClient 1
2025-07-08 00:28:39.007 [http-nio-8081-exec-9] INFO  r.k.C.controller.ClientController - getClient 1
2025-07-08 00:29:25.488 [http-nio-8081-exec-8] INFO  r.k.C.controller.ClientController - getClient 1
2025-07-08 00:29:26.902 [http-nio-8081-exec-7] INFO  r.k.C.controller.ClientController - getClient 1
2025-07-08 00:29:58.702 [http-nio-8081-exec-10] INFO  r.k.C.controller.ClientController - getClient 1
2025-07-08 00:29:59.940 [http-nio-8081-exec-1] INFO  r.k.C.controller.ClientController - getClient 1
2025-07-08 00:30:01.684 [http-nio-8081-exec-3] INFO  r.k.C.controller.ClientController - getClient 1
2025-07-08 00:30:02.619 [http-nio-8081-exec-2] INFO  r.k.C.controller.ClientController - getClient 1
2025-07-08 00:30:03.413 [http-nio-8081-exec-4] INFO  r.k.C.controller.ClientController - getClient 1
2025-07-08 00:30:04.224 [http-nio-8081-exec-5] INFO  r.k.C.controller.ClientController - getClient 1
2025-07-08 00:30:04.982 [http-nio-8081-exec-6] INFO  r.k.C.controller.ClientController - getClient 1
2025-07-08 00:30:05.714 [http-nio-8081-exec-9] INFO  r.k.C.controller.ClientController - getClient 1
2025-07-08 00:30:06.396 [http-nio-8081-exec-8] INFO  r.k.C.controller.ClientController - getClient 1
2025-07-08 00:30:07.090 [http-nio-8081-exec-7] INFO  r.k.C.controller.ClientController - getClient 1
2025-07-08 00:30:11.072 [http-nio-8081-exec-10] INFO  r.k.C.controller.ClientController - getClient 1
2025-07-08 00:30:34.476 [http-nio-8081-exec-3] INFO  r.k.C.controller.ClientController - getClient 10
2025-07-08 00:30:34.481 [http-nio-8081-exec-3] ERROR o.a.c.c.C.[.[.[.[dispatcherServlet] - Servlet.service() for servlet [dispatcherServlet] in context with path [] threw exception [Request processing failed: java.lang.RuntimeException] with root cause
java.lang.RuntimeException: null
	at ru.khaziev.ClientModule.service.ClientServiceImpl.findClientById(ClientServiceImpl.java:87)
	at ru.khaziev.ClientModule.controller.ClientController.getClient(ClientController.java:53)
	at jdk.internal.reflect.GeneratedMethodAccessor131.invoke(Unknown Source)
	at java.base/jdk.internal.reflect.DelegatingMethodAccessorImpl.invoke(DelegatingMethodAccessorImpl.java:43)
	at java.base/java.lang.reflect.Method.invoke(Method.java:569)
	at org.springframework.aop.support.AopUtils.invokeJoinpointUsingReflection(AopUtils.java:359)
	at org.springframework.aop.framework.ReflectiveMethodInvocation.invokeJoinpoint(ReflectiveMethodInvocation.java:196)
	at org.springframework.aop.framework.ReflectiveMethodInvocation.proceed(ReflectiveMethodInvocation.java:163)
	at org.springframework.aop.aspectj.MethodInvocationProceedingJoinPoint.proceed(MethodInvocationProceedingJoinPoint.java:89)
	at io.micrometer.observation.aop.ObservedAspect.lambda$observe$2(ObservedAspect.java:163)
	at io.micrometer.observation.Observation.observeChecked(Observation.java:600)
	at io.micrometer.observation.aop.ObservedAspect.observe(ObservedAspect.java:163)
	at io.micrometer.observation.aop.ObservedAspect.ajc$inlineAccessMethod$io_micrometer_observation_aop_ObservedAspect$io_micrometer_observation_aop_ObservedAspect$observe(ObservedAspect.java:1)
	at io.micrometer.observation.aop.ObservedAspect.observeClass(ObservedAspect.java:129)
	at jdk.internal.reflect.GeneratedMethodAccessor142.invoke(Unknown Source)
	at java.base/jdk.internal.reflect.DelegatingMethodAccessorImpl.invoke(DelegatingMethodAccessorImpl.java:43)
	at java.base/java.lang.reflect.Method.invoke(Method.java:569)
	at org.springframework.aop.aspectj.AbstractAspectJAdvice.invokeAdviceMethodWithGivenArgs(AbstractAspectJAdvice.java:638)
	at org.springframework.aop.aspectj.AbstractAspectJAdvice.invokeAdviceMethod(AbstractAspectJAdvice.java:628)
	at org.springframework.aop.aspectj.AspectJAroundAdvice.invoke(AspectJAroundAdvice.java:71)
	at org.springframework.aop.framework.ReflectiveMethodInvocation.proceed(ReflectiveMethodInvocation.java:173)
	at org.springframework.aop.interceptor.ExposeInvocationInterceptor.invoke(ExposeInvocationInterceptor.java:97)
	at org.springframework.aop.framework.ReflectiveMethodInvocation.proceed(ReflectiveMethodInvocation.java:184)
	at org.springframework.aop.framework.CglibAopProxy$DynamicAdvisedInterceptor.intercept(CglibAopProxy.java:727)
	at ru.khaziev.ClientModule.controller.ClientController$$SpringCGLIB$$0.getClient(<generated>)
	at jdk.internal.reflect.GeneratedMethodAccessor131.invoke(Unknown Source)
	at java.base/jdk.internal.reflect.DelegatingMethodAccessorImpl.invoke(DelegatingMethodAccessorImpl.java:43)
	at java.base/java.lang.reflect.Method.invoke(Method.java:569)
	at org.springframework.web.method.support.InvocableHandlerMethod.doInvoke(InvocableHandlerMethod.java:255)
	at org.springframework.web.method.support.InvocableHandlerMethod.invokeForRequest(InvocableHandlerMethod.java:188)
	at org.springframework.web.servlet.mvc.method.annotation.ServletInvocableHandlerMethod.invokeAndHandle(ServletInvocableHandlerMethod.java:118)
	at org.springframework.web.servlet.mvc.method.annotation.RequestMappingHandlerAdapter.invokeHandlerMethod(RequestMappingHandlerAdapter.java:986)
	at org.springframework.web.servlet.mvc.method.annotation.RequestMappingHandlerAdapter.handleInternal(RequestMappingHandlerAdapter.java:891)
	at org.springframework.web.servlet.mvc.method.AbstractHandlerMethodAdapter.handle(AbstractHandlerMethodAdapter.java:87)
	at org.springframework.web.servlet.DispatcherServlet.doDispatch(DispatcherServlet.java:1088)
	at org.springframework.web.servlet.DispatcherServlet.doService(DispatcherServlet.java:978)
	at org.springframework.web.servlet.FrameworkServlet.processRequest(FrameworkServlet.java:1014)
	at org.springframework.web.servlet.FrameworkServlet.doGet(FrameworkServlet.java:903)
	at jakarta.servlet.http.HttpServlet.service(HttpServlet.java:564)
	at org.springframework.web.servlet.FrameworkServlet.service(FrameworkServlet.java:885)
	at jakarta.servlet.http.HttpServlet.service(HttpServlet.java:658)
	at org.apache.catalina.core.ApplicationFilterChain.internalDoFilter(ApplicationFilterChain.java:195)
	at org.apache.catalina.core.ApplicationFilterChain.doFilter(ApplicationFilterChain.java:140)
	at org.apache.tomcat.websocket.server.WsFilter.doFilter(WsFilter.java:51)
	at org.apache.catalina.core.ApplicationFilterChain.internalDoFilter(ApplicationFilterChain.java:164)
	at org.apache.catalina.core.ApplicationFilterChain.doFilter(ApplicationFilterChain.java:140)
	at org.springframework.web.filter.RequestContextFilter.doFilterInternal(RequestContextFilter.java:100)
	at org.springframework.web.filter.OncePerRequestFilter.doFilter(OncePerRequestFilter.java:116)
	at org.apache.catalina.core.ApplicationFilterChain.internalDoFilter(ApplicationFilterChain.java:164)
	at org.apache.catalina.core.ApplicationFilterChain.doFilter(ApplicationFilterChain.java:140)
	at org.springframework.web.filter.FormContentFilter.doFilterInternal(FormContentFilter.java:93)
	at org.springframework.web.filter.OncePerRequestFilter.doFilter(OncePerRequestFilter.java:116)
	at org.apache.catalina.core.ApplicationFilterChain.internalDoFilter(ApplicationFilterChain.java:164)
	at org.apache.catalina.core.ApplicationFilterChain.doFilter(ApplicationFilterChain.java:140)
	at org.springframework.web.filter.ServerHttpObservationFilter.doFilterInternal(ServerHttpObservationFilter.java:114)
	at org.springframework.web.filter.OncePerRequestFilter.doFilter(OncePerRequestFilter.java:116)
	at org.apache.catalina.core.ApplicationFilterChain.internalDoFilter(ApplicationFilterChain.java:164)
	at org.apache.catalina.core.ApplicationFilterChain.doFilter(ApplicationFilterChain.java:140)
	at org.springframework.web.filter.CharacterEncodingFilter.doFilterInternal(CharacterEncodingFilter.java:201)
	at org.springframework.web.filter.OncePerRequestFilter.doFilter(OncePerRequestFilter.java:116)
	at org.apache.catalina.core.ApplicationFilterChain.internalDoFilter(ApplicationFilterChain.java:164)
	at org.apache.catalina.core.ApplicationFilterChain.doFilter(ApplicationFilterChain.java:140)
	at org.apache.catalina.core.StandardWrapperValve.invoke(StandardWrapperValve.java:167)
	at org.apache.catalina.core.StandardContextValve.invoke(StandardContextValve.java:90)
	at org.apache.catalina.authenticator.AuthenticatorBase.invoke(AuthenticatorBase.java:483)
	at org.apache.catalina.core.StandardHostValve.invoke(StandardHostValve.java:115)
	at org.apache.catalina.valves.ErrorReportValve.invoke(ErrorReportValve.java:93)
	at org.apache.catalina.core.StandardEngineValve.invoke(StandardEngineValve.java:74)
	at org.apache.catalina.connector.CoyoteAdapter.service(CoyoteAdapter.java:344)
	at org.apache.coyote.http11.Http11Processor.service(Http11Processor.java:397)
	at org.apache.coyote.AbstractProcessorLight.process(AbstractProcessorLight.java:63)
	at org.apache.coyote.AbstractProtocol$ConnectionHandler.process(AbstractProtocol.java:905)
	at org.apache.tomcat.util.net.NioEndpoint$SocketProcessor.doRun(NioEndpoint.java:1741)
	at org.apache.tomcat.util.net.SocketProcessorBase.run(SocketProcessorBase.java:52)
	at org.apache.tomcat.util.threads.ThreadPoolExecutor.runWorker(ThreadPoolExecutor.java:1190)
	at org.apache.tomcat.util.threads.ThreadPoolExecutor$Worker.run(ThreadPoolExecutor.java:659)
	at org.apache.tomcat.util.threads.TaskThread$WrappingRunnable.run(TaskThread.java:63)
	at java.base/java.lang.Thread.run(Thread.java:840)
2025-07-08 00:30:51.701 [http-nio-8081-exec-4] INFO  r.k.C.controller.ClientController - getClient 10
2025-07-08 00:30:51.705 [http-nio-8081-exec-4] ERROR o.a.c.c.C.[.[.[.[dispatcherServlet] - Servlet.service() for servlet [dispatcherServlet] in context with path [] threw exception [Request processing failed: java.lang.RuntimeException] with root cause
java.lang.RuntimeException: null
	at ru.khaziev.ClientModule.service.ClientServiceImpl.findClientById(ClientServiceImpl.java:87)
	at ru.khaziev.ClientModule.controller.ClientController.getClient(ClientController.java:53)
	at jdk.internal.reflect.GeneratedMethodAccessor131.invoke(Unknown Source)
	at java.base/jdk.internal.reflect.DelegatingMethodAccessorImpl.invoke(DelegatingMethodAccessorImpl.java:43)
	at java.base/java.lang.reflect.Method.invoke(Method.java:569)
	at org.springframework.aop.support.AopUtils.invokeJoinpointUsingReflection(AopUtils.java:359)
	at org.springframework.aop.framework.ReflectiveMethodInvocation.invokeJoinpoint(ReflectiveMethodInvocation.java:196)
	at org.springframework.aop.framework.ReflectiveMethodInvocation.proceed(ReflectiveMethodInvocation.java:163)
	at org.springframework.aop.aspectj.MethodInvocationProceedingJoinPoint.proceed(MethodInvocationProceedingJoinPoint.java:89)
	at io.micrometer.observation.aop.ObservedAspect.lambda$observe$2(ObservedAspect.java:163)
	at io.micrometer.observation.Observation.observeChecked(Observation.java:600)
	at io.micrometer.observation.aop.ObservedAspect.observe(ObservedAspect.java:163)
	at io.micrometer.observation.aop.ObservedAspect.ajc$inlineAccessMethod$io_micrometer_observation_aop_ObservedAspect$io_micrometer_observation_aop_ObservedAspect$observe(ObservedAspect.java:1)
	at io.micrometer.observation.aop.ObservedAspect.observeClass(ObservedAspect.java:129)
	at jdk.internal.reflect.GeneratedMethodAccessor142.invoke(Unknown Source)
	at java.base/jdk.internal.reflect.DelegatingMethodAccessorImpl.invoke(DelegatingMethodAccessorImpl.java:43)
	at java.base/java.lang.reflect.Method.invoke(Method.java:569)
	at org.springframework.aop.aspectj.AbstractAspectJAdvice.invokeAdviceMethodWithGivenArgs(AbstractAspectJAdvice.java:638)
	at org.springframework.aop.aspectj.AbstractAspectJAdvice.invokeAdviceMethod(AbstractAspectJAdvice.java:628)
	at org.springframework.aop.aspectj.AspectJAroundAdvice.invoke(AspectJAroundAdvice.java:71)
	at org.springframework.aop.framework.ReflectiveMethodInvocation.proceed(ReflectiveMethodInvocation.java:173)
	at org.springframework.aop.interceptor.ExposeInvocationInterceptor.invoke(ExposeInvocationInterceptor.java:97)
	at org.springframework.aop.framework.ReflectiveMethodInvocation.proceed(ReflectiveMethodInvocation.java:184)
	at org.springframework.aop.framework.CglibAopProxy$DynamicAdvisedInterceptor.intercept(CglibAopProxy.java:727)
	at ru.khaziev.ClientModule.controller.ClientController$$SpringCGLIB$$0.getClient(<generated>)
	at jdk.internal.reflect.GeneratedMethodAccessor131.invoke(Unknown Source)
	at java.base/jdk.internal.reflect.DelegatingMethodAccessorImpl.invoke(DelegatingMethodAccessorImpl.java:43)
	at java.base/java.lang.reflect.Method.invoke(Method.java:569)
	at org.springframework.web.method.support.InvocableHandlerMethod.doInvoke(InvocableHandlerMethod.java:255)
	at org.springframework.web.method.support.InvocableHandlerMethod.invokeForRequest(InvocableHandlerMethod.java:188)
	at org.springframework.web.servlet.mvc.method.annotation.ServletInvocableHandlerMethod.invokeAndHandle(ServletInvocableHandlerMethod.java:118)
	at org.springframework.web.servlet.mvc.method.annotation.RequestMappingHandlerAdapter.invokeHandlerMethod(RequestMappingHandlerAdapter.java:986)
	at org.springframework.web.servlet.mvc.method.annotation.RequestMappingHandlerAdapter.handleInternal(RequestMappingHandlerAdapter.java:891)
	at org.springframework.web.servlet.mvc.method.AbstractHandlerMethodAdapter.handle(AbstractHandlerMethodAdapter.java:87)
	at org.springframework.web.servlet.DispatcherServlet.doDispatch(DispatcherServlet.java:1088)
	at org.springframework.web.servlet.DispatcherServlet.doService(DispatcherServlet.java:978)
	at org.springframework.web.servlet.FrameworkServlet.processRequest(FrameworkServlet.java:1014)
	at org.springframework.web.servlet.FrameworkServlet.doGet(FrameworkServlet.java:903)
	at jakarta.servlet.http.HttpServlet.service(HttpServlet.java:564)
	at org.springframework.web.servlet.FrameworkServlet.service(FrameworkServlet.java:885)
	at jakarta.servlet.http.HttpServlet.service(HttpServlet.java:658)
	at org.apache.catalina.core.ApplicationFilterChain.internalDoFilter(ApplicationFilterChain.java:195)
	at org.apache.catalina.core.ApplicationFilterChain.doFilter(ApplicationFilterChain.java:140)
	at org.apache.tomcat.websocket.server.WsFilter.doFilter(WsFilter.java:51)
	at org.apache.catalina.core.ApplicationFilterChain.internalDoFilter(ApplicationFilterChain.java:164)
	at org.apache.catalina.core.ApplicationFilterChain.doFilter(ApplicationFilterChain.java:140)
	at org.springframework.web.filter.RequestContextFilter.doFilterInternal(RequestContextFilter.java:100)
	at org.springframework.web.filter.OncePerRequestFilter.doFilter(OncePerRequestFilter.java:116)
	at org.apache.catalina.core.ApplicationFilterChain.internalDoFilter(ApplicationFilterChain.java:164)
	at org.apache.catalina.core.ApplicationFilterChain.doFilter(ApplicationFilterChain.java:140)
	at org.springframework.web.filter.FormContentFilter.doFilterInternal(FormContentFilter.java:93)
	at org.springframework.web.filter.OncePerRequestFilter.doFilter(OncePerRequestFilter.java:116)
	at org.apache.catalina.core.ApplicationFilterChain.internalDoFilter(ApplicationFilterChain.java:164)
	at org.apache.catalina.core.ApplicationFilterChain.doFilter(ApplicationFilterChain.java:140)
	at org.springframework.web.filter.ServerHttpObservationFilter.doFilterInternal(ServerHttpObservationFilter.java:114)
	at org.springframework.web.filter.OncePerRequestFilter.doFilter(OncePerRequestFilter.java:116)
	at org.apache.catalina.core.ApplicationFilterChain.internalDoFilter(ApplicationFilterChain.java:164)
	at org.apache.catalina.core.ApplicationFilterChain.doFilter(ApplicationFilterChain.java:140)
	at org.springframework.web.filter.CharacterEncodingFilter.doFilterInternal(CharacterEncodingFilter.java:201)
	at org.springframework.web.filter.OncePerRequestFilter.doFilter(OncePerRequestFilter.java:116)
	at org.apache.catalina.core.ApplicationFilterChain.internalDoFilter(ApplicationFilterChain.java:164)
	at org.apache.catalina.core.ApplicationFilterChain.doFilter(ApplicationFilterChain.java:140)
	at org.apache.catalina.core.StandardWrapperValve.invoke(StandardWrapperValve.java:167)
	at org.apache.catalina.core.StandardContextValve.invoke(StandardContextValve.java:90)
	at org.apache.catalina.authenticator.AuthenticatorBase.invoke(AuthenticatorBase.java:483)
	at org.apache.catalina.core.StandardHostValve.invoke(StandardHostValve.java:115)
	at org.apache.catalina.valves.ErrorReportValve.invoke(ErrorReportValve.java:93)
	at org.apache.catalina.core.StandardEngineValve.invoke(StandardEngineValve.java:74)
	at org.apache.catalina.connector.CoyoteAdapter.service(CoyoteAdapter.java:344)
	at org.apache.coyote.http11.Http11Processor.service(Http11Processor.java:397)
	at org.apache.coyote.AbstractProcessorLight.process(AbstractProcessorLight.java:63)
	at org.apache.coyote.AbstractProtocol$ConnectionHandler.process(AbstractProtocol.java:905)
	at org.apache.tomcat.util.net.NioEndpoint$SocketProcessor.doRun(NioEndpoint.java:1741)
	at org.apache.tomcat.util.net.SocketProcessorBase.run(SocketProcessorBase.java:52)
	at org.apache.tomcat.util.threads.ThreadPoolExecutor.runWorker(ThreadPoolExecutor.java:1190)
	at org.apache.tomcat.util.threads.ThreadPoolExecutor$Worker.run(ThreadPoolExecutor.java:659)
	at org.apache.tomcat.util.threads.TaskThread$WrappingRunnable.run(TaskThread.java:63)
	at java.base/java.lang.Thread.run(Thread.java:840)
2025-07-08 00:30:55.812 [http-nio-8081-exec-5] INFO  r.k.C.controller.ClientController - getClient 1
2025-07-08 00:30:57.095 [http-nio-8081-exec-6] INFO  r.k.C.controller.ClientController - getClient 1
2025-07-08 00:30:58.521 [http-nio-8081-exec-9] INFO  r.k.C.controller.ClientController - getClient 1
2025-07-08 00:30:59.626 [http-nio-8081-exec-8] INFO  r.k.C.controller.ClientController - getClient 1
2025-07-08 00:31:00.531 [http-nio-8081-exec-7] INFO  r.k.C.controller.ClientController - getClient 1
2025-07-08 00:31:01.320 [http-nio-8081-exec-10] INFO  r.k.C.controller.ClientController - getClient 1
2025-07-08 00:31:02.119 [http-nio-8081-exec-1] INFO  r.k.C.controller.ClientController - getClient 1
2025-07-08 00:31:03.984 [http-nio-8081-exec-3] INFO  r.k.C.controller.ClientController - getClient 1
2025-07-08 00:31:04.890 [http-nio-8081-exec-2] INFO  r.k.C.controller.ClientController - getClient 1
2025-07-08 00:31:05.777 [http-nio-8081-exec-4] INFO  r.k.C.controller.ClientController - getClient 1
2025-07-08 00:31:06.628 [http-nio-8081-exec-5] INFO  r.k.C.controller.ClientController - getClient 1
2025-07-08 00:31:07.125 [http-nio-8081-exec-6] INFO  r.k.C.controller.ClientController - getClient 1
2025-07-08 00:31:07.751 [http-nio-8081-exec-9] INFO  r.k.C.controller.ClientController - getClient 1
2025-07-08 00:31:08.493 [http-nio-8081-exec-8] INFO  r.k.C.controller.ClientController - getClient 1
2025-07-08 00:31:11.044 [http-nio-8081-exec-7] INFO  r.k.C.controller.ClientController - getClient 1
2025-07-08 00:31:11.882 [http-nio-8081-exec-10] INFO  r.k.C.controller.ClientController - getClient 1
2025-07-08 00:31:12.637 [http-nio-8081-exec-1] INFO  r.k.C.controller.ClientController - getClient 1
2025-07-08 00:39:34.231 [SpringApplicationShutdownHook] INFO  o.s.b.w.e.tomcat.GracefulShutdown - Commencing graceful shutdown. Waiting for active requests to complete
2025-07-08 00:39:34.382 [tomcat-shutdown] INFO  o.s.b.w.e.tomcat.GracefulShutdown - Graceful shutdown complete
2025-07-08 00:39:34.386 [SpringApplicationShutdownHook] INFO  o.s.o.j.LocalContainerEntityManagerFactoryBean - Closing JPA EntityManagerFactory for persistence unit 'default'
2025-07-08 00:39:34.387 [SpringApplicationShutdownHook] INFO  com.zaxxer.hikari.HikariDataSource - HikariPool-1 - Shutdown initiated...
2025-07-08 00:39:34.391 [SpringApplicationShutdownHook] INFO  com.zaxxer.hikari.HikariDataSource - HikariPool-1 - Shutdown completed.
2025-07-08 00:39:36.960 [background-preinit] INFO  o.h.validator.internal.util.Version - HV000001: Hibernate Validator 8.0.1.Final
2025-07-08 00:39:37.009 [main] INFO  r.k.ClientModule.ClientModuleApp - Starting ClientModuleApp using Java 17.0.15 with PID 25656 (C:\Users\egor5\Desktop\OTUS\FitnessClub\ClientModule\target\classes started by egor5 in C:\Users\egor5\Desktop\OTUS\FitnessClub)
2025-07-08 00:39:37.011 [main] INFO  r.k.ClientModule.ClientModuleApp - No active profile set, falling back to 1 default profile: "default"
2025-07-08 00:39:37.934 [main] INFO  o.s.d.r.c.RepositoryConfigurationDelegate - Bootstrapping Spring Data JPA repositories in DEFAULT mode.
2025-07-08 00:39:37.979 [main] INFO  o.s.d.r.c.RepositoryConfigurationDelegate - Finished Spring Data repository scanning in 38 ms. Found 2 JPA repository interfaces.
2025-07-08 00:39:38.484 [main] INFO  o.s.b.w.e.tomcat.TomcatWebServer - Tomcat initialized with port 8081 (http)
2025-07-08 00:39:38.492 [main] INFO  o.a.coyote.http11.Http11NioProtocol - Initializing ProtocolHandler ["http-nio-8081"]
2025-07-08 00:39:38.494 [main] INFO  o.a.catalina.core.StandardService - Starting service [Tomcat]
2025-07-08 00:39:38.494 [main] INFO  o.a.catalina.core.StandardEngine - Starting Servlet engine: [Apache Tomcat/10.1.33]
2025-07-08 00:39:38.564 [main] INFO  o.a.c.c.C.[Tomcat].[localhost].[/] - Initializing Spring embedded WebApplicationContext
2025-07-08 00:39:38.565 [main] INFO  o.s.b.w.s.c.ServletWebServerApplicationContext - Root WebApplicationContext: initialization completed in 1520 ms
2025-07-08 00:39:38.946 [main] INFO  com.zaxxer.hikari.HikariDataSource - HikariPool-1 - Starting...
2025-07-08 00:39:39.038 [main] INFO  com.zaxxer.hikari.pool.HikariPool - HikariPool-1 - Added connection org.postgresql.jdbc.PgConnection@56b66a26
2025-07-08 00:39:39.039 [main] INFO  com.zaxxer.hikari.HikariDataSource - HikariPool-1 - Start completed.
2025-07-08 00:39:39.137 [main] INFO  liquibase.database - Set default schema name to public
2025-07-08 00:39:39.370 [main] INFO  liquibase.changelog - Reading from public.databasechangelog
2025-07-08 00:39:39.413 [main] INFO  liquibase.ui - Database is up to date, no changesets to execute
2025-07-08 00:39:39.414 [main] INFO  liquibase.changelog - Reading from public.databasechangelog
2025-07-08 00:39:39.420 [main] INFO  liquibase.util - UPDATE SUMMARY
2025-07-08 00:39:39.420 [main] INFO  liquibase.util - Run:                          0
2025-07-08 00:39:39.420 [main] INFO  liquibase.util - Previously run:               7
2025-07-08 00:39:39.420 [main] INFO  liquibase.util - Filtered out:                 0
2025-07-08 00:39:39.420 [main] INFO  liquibase.util - -------------------------------
2025-07-08 00:39:39.420 [main] INFO  liquibase.util - Total change sets:            7
2025-07-08 00:39:39.421 [main] INFO  liquibase.util - Update summary generated
2025-07-08 00:39:39.422 [main] INFO  liquibase.command - Command execution complete
2025-07-08 00:39:39.487 [main] INFO  o.h.jpa.internal.util.LogHelper - HHH000204: Processing PersistenceUnitInfo [name: default]
2025-07-08 00:39:39.536 [main] INFO  org.hibernate.Version - HHH000412: Hibernate ORM core version 6.6.2.Final
2025-07-08 00:39:39.568 [main] INFO  o.h.c.i.RegionFactoryInitiator - HHH000026: Second-level cache disabled
2025-07-08 00:39:39.799 [main] INFO  o.s.o.j.p.SpringPersistenceUnitInfo - No LoadTimeWeaver setup: ignoring JPA class transformer
2025-07-08 00:39:39.843 [main] WARN  org.hibernate.orm.deprecation - HHH90000025: PostgreSQLDialect does not need to be specified explicitly using 'hibernate.dialect' (remove the property setting and it will be selected by default)
2025-07-08 00:39:39.859 [main] INFO  o.hibernate.orm.connections.pooling - HHH10001005: Database info:
	Database JDBC URL [Connecting through datasource 'HikariDataSource (HikariPool-1)']
	Database driver: undefined/unknown
	Database version: 15.13
	Autocommit mode: undefined/unknown
	Isolation level: undefined/unknown
	Minimum pool size: undefined/unknown
	Maximum pool size: undefined/unknown
2025-07-08 00:39:40.570 [main] INFO  o.h.e.t.j.p.i.JtaPlatformInitiator - HHH000489: No JTA platform available (set 'hibernate.transaction.jta.platform' to enable JTA platform integration)
2025-07-08 00:39:40.572 [main] INFO  o.s.o.j.LocalContainerEntityManagerFactoryBean - Initialized JPA EntityManagerFactory for persistence unit 'default'
2025-07-08 00:39:40.933 [main] WARN  o.s.b.a.o.j.JpaBaseConfiguration$JpaWebConfiguration - spring.jpa.open-in-view is enabled by default. Therefore, database queries may be performed during view rendering. Explicitly configure spring.jpa.open-in-view to disable this warning
2025-07-08 00:39:41.573 [main] INFO  o.s.b.a.e.web.EndpointLinksResolver - Exposing 15 endpoints beneath base path '/actuator'
2025-07-08 00:39:41.625 [main] INFO  o.a.coyote.http11.Http11NioProtocol - Starting ProtocolHandler ["http-nio-8081"]
2025-07-08 00:39:41.634 [main] INFO  o.s.b.w.e.tomcat.TomcatWebServer - Tomcat started on port 8081 (http) with context path '/'
2025-07-08 00:39:41.646 [main] INFO  r.k.ClientModule.ClientModuleApp - Started ClientModuleApp in 5.138 seconds (process running for 5.838)
2025-07-08 00:39:42.038 [RMI TCP Connection(3)-192.168.56.1] INFO  o.a.c.c.C.[Tomcat].[localhost].[/] - Initializing Spring DispatcherServlet 'dispatcherServlet'
2025-07-08 00:39:42.038 [RMI TCP Connection(3)-192.168.56.1] INFO  o.s.web.servlet.DispatcherServlet - Initializing Servlet 'dispatcherServlet'
2025-07-08 00:39:42.040 [RMI TCP Connection(3)-192.168.56.1] INFO  o.s.web.servlet.DispatcherServlet - Completed initialization in 2 ms
2025-07-08 00:39:48.726 [http-nio-8081-exec-1] INFO  r.k.C.controller.ClientController - GetAllClients
2025-07-08 00:40:03.112 [http-nio-8081-exec-3] INFO  r.k.C.controller.ClientController - getClientByTelegramUser egorkhaziev
2025-07-08 00:40:04.708 [http-nio-8081-exec-2] INFO  r.k.C.controller.ClientController - getClient 1
2025-07-08 00:40:06.408 [http-nio-8081-exec-4] INFO  r.k.C.controller.ClientController - getClient 1
2025-07-08 00:40:07.617 [http-nio-8081-exec-5] INFO  r.k.C.controller.ClientController - getClient 1
2025-07-08 00:40:12.427 [http-nio-8081-exec-6] INFO  r.k.C.controller.ClientController - getClient 1
2025-07-08 00:40:16.576 [http-nio-8081-exec-7] INFO  r.k.C.controller.ClientController - getClient 1
2025-07-08 00:40:17.460 [http-nio-8081-exec-8] INFO  r.k.C.controller.ClientController - getClient 1
2025-07-08 00:40:18.300 [http-nio-8081-exec-9] INFO  r.k.C.controller.ClientController - getClient 1
2025-07-08 00:40:21.971 [http-nio-8081-exec-10] INFO  r.k.C.controller.ClientController - getClient 1
2025-07-08 00:40:24.018 [http-nio-8081-exec-1] INFO  r.k.C.controller.ClientController - getClient 1
2025-07-08 00:40:25.036 [http-nio-8081-exec-3] INFO  r.k.C.controller.ClientController - getClient 1
2025-07-08 00:40:27.671 [http-nio-8081-exec-2] INFO  r.k.C.controller.ClientController - getClient 1
2025-07-08 00:40:31.227 [http-nio-8081-exec-4] INFO  r.k.C.controller.ClientController - getClient 1
2025-07-08 00:40:32.741 [http-nio-8081-exec-5] INFO  r.k.C.controller.ClientController - getClient 1
2025-07-08 00:40:33.525 [http-nio-8081-exec-6] INFO  r.k.C.controller.ClientController - getClient 1
2025-07-08 00:40:34.267 [http-nio-8081-exec-7] INFO  r.k.C.controller.ClientController - getClient 1
2025-07-08 00:40:34.802 [http-nio-8081-exec-8] INFO  r.k.C.controller.ClientController - getClient 1
2025-07-08 00:40:40.326 [http-nio-8081-exec-9] INFO  r.k.C.controller.ClientController - getClient 1
2025-07-08 00:40:44.072 [http-nio-8081-exec-10] INFO  r.k.C.controller.ClientController - getClient 1
2025-07-08 00:40:44.555 [http-nio-8081-exec-1] INFO  r.k.C.controller.ClientController - getClient 1
2025-07-08 00:40:45.325 [http-nio-8081-exec-3] INFO  r.k.C.controller.ClientController - getClient 1
2025-07-08 00:40:46.177 [http-nio-8081-exec-2] INFO  r.k.C.controller.ClientController - getClient 1
2025-07-08 00:40:49.340 [http-nio-8081-exec-4] INFO  r.k.C.controller.ClientController - getClient 1
2025-07-08 00:40:53.740 [http-nio-8081-exec-5] INFO  r.k.C.controller.ClientController - getClient 1
2025-07-08 00:40:54.127 [http-nio-8081-exec-6] INFO  r.k.C.controller.ClientController - getClient 1
2025-07-08 00:40:57.713 [http-nio-8081-exec-7] INFO  r.k.C.controller.ClientController - getClient 1
2025-07-08 00:40:58.230 [http-nio-8081-exec-8] INFO  r.k.C.controller.ClientController - getClient 1
2025-07-08 00:41:01.408 [http-nio-8081-exec-9] INFO  r.k.C.controller.ClientController - getClient 1
2025-07-08 00:41:04.099 [http-nio-8081-exec-10] INFO  r.k.C.controller.ClientController - getClient 1
2025-07-08 00:41:05.111 [http-nio-8081-exec-1] INFO  r.k.C.controller.ClientController - getClient 1
2025-07-08 00:41:08.253 [http-nio-8081-exec-3] INFO  r.k.C.controller.ClientController - getClient 1
2025-07-08 00:41:10.136 [http-nio-8081-exec-2] INFO  r.k.C.controller.ClientController - getClient 1
2025-07-08 00:41:10.977 [http-nio-8081-exec-4] INFO  r.k.C.controller.ClientController - getClient 1
2025-07-08 00:41:11.624 [http-nio-8081-exec-5] INFO  r.k.C.controller.ClientController - getClient 1
2025-07-08 00:41:12.305 [http-nio-8081-exec-6] INFO  r.k.C.controller.ClientController - getClient 1
2025-07-08 00:41:16.465 [http-nio-8081-exec-7] INFO  r.k.C.controller.ClientController - getClient 1
2025-07-08 00:41:20.267 [http-nio-8081-exec-8] INFO  r.k.C.controller.ClientController - getClient 1
2025-07-08 00:41:23.892 [http-nio-8081-exec-9] INFO  r.k.C.controller.ClientController - getClient 1
2025-07-08 00:41:28.745 [http-nio-8081-exec-10] INFO  r.k.C.controller.ClientController - getClient 1
2025-07-08 00:41:29.369 [http-nio-8081-exec-1] INFO  r.k.C.controller.ClientController - getClient 1
2025-07-08 00:41:30.322 [http-nio-8081-exec-3] INFO  r.k.C.controller.ClientController - getClient 1
2025-07-08 00:41:30.927 [http-nio-8081-exec-2] INFO  r.k.C.controller.ClientController - getClient 1
2025-07-08 00:41:35.655 [http-nio-8081-exec-4] INFO  r.k.C.controller.ClientController - getClient 1
2025-07-08 00:41:36.399 [http-nio-8081-exec-5] INFO  r.k.C.controller.ClientController - getClient 1
2025-07-08 00:41:37.806 [http-nio-8081-exec-6] INFO  r.k.C.controller.ClientController - getClient 1
2025-07-08 00:41:42.658 [http-nio-8081-exec-7] INFO  r.k.C.controller.ClientController - getClient 1
2025-07-08 00:41:43.297 [http-nio-8081-exec-8] INFO  r.k.C.controller.ClientController - getClient 1
2025-07-08 00:41:47.760 [http-nio-8081-exec-9] INFO  r.k.C.controller.ClientController - getClient 1
2025-07-08 00:41:48.276 [http-nio-8081-exec-10] INFO  r.k.C.controller.ClientController - getClient 1
2025-07-08 00:42:59.979 [http-nio-8081-exec-3] INFO  r.k.C.controller.ClientController - getClient 1
2025-07-08 00:43:03.934 [http-nio-8081-exec-2] INFO  r.k.C.controller.ClientController - getClient 1
2025-07-08 00:43:07.298 [http-nio-8081-exec-4] INFO  r.k.C.controller.ClientController - getClient 1
2025-07-08 00:43:09.195 [http-nio-8081-exec-5] INFO  r.k.C.controller.ClientController - getClient 1
2025-07-08 00:43:10.749 [http-nio-8081-exec-6] INFO  r.k.C.controller.ClientController - getClient 1
2025-07-08 00:43:38.189 [http-nio-8081-exec-7] INFO  r.k.C.controller.ClientController - getClient 1
2025-07-08 00:45:05.046 [http-nio-8081-exec-9] INFO  r.k.C.controller.ClientController - getClient 1
2025-07-08 00:45:08.790 [http-nio-8081-exec-10] INFO  r.k.C.controller.ClientController - getClient 1
2025-07-08 00:45:10.329 [http-nio-8081-exec-1] INFO  r.k.C.controller.ClientController - getClient 1
2025-07-08 00:45:12.144 [http-nio-8081-exec-3] INFO  r.k.C.controller.ClientController - getClient 1
2025-07-08 00:45:13.891 [http-nio-8081-exec-2] INFO  r.k.C.controller.ClientController - getClient 1
2025-07-08 00:45:15.717 [http-nio-8081-exec-4] INFO  r.k.C.controller.ClientController - getClient 1
2025-07-08 00:45:17.618 [http-nio-8081-exec-5] INFO  r.k.C.controller.ClientController - getClient 1
2025-07-08 00:45:19.056 [http-nio-8081-exec-6] INFO  r.k.C.controller.ClientController - getClient 1
2025-07-08 00:45:22.778 [http-nio-8081-exec-7] INFO  r.k.C.controller.ClientController - getClient 1
2025-07-08 00:45:23.587 [http-nio-8081-exec-8] INFO  r.k.C.controller.ClientController - getClient 1
2025-07-08 00:45:24.457 [http-nio-8081-exec-9] INFO  r.k.C.controller.ClientController - getClient 1
2025-07-08 00:45:25.253 [http-nio-8081-exec-10] INFO  r.k.C.controller.ClientController - getClient 1
2025-07-08 00:45:29.291 [http-nio-8081-exec-1] INFO  r.k.C.controller.ClientController - getClient 1
2025-07-08 00:45:31.244 [http-nio-8081-exec-3] INFO  r.k.C.controller.ClientController - getClient 1
2025-07-08 00:45:32.022 [http-nio-8081-exec-2] INFO  r.k.C.controller.ClientController - getClient 1
2025-07-08 00:45:35.911 [http-nio-8081-exec-4] INFO  r.k.C.controller.ClientController - getClient 1
2025-07-08 00:45:48.714 [http-nio-8081-exec-5] INFO  r.k.C.controller.ClientController - getClient 1
2025-07-08 00:45:49.778 [http-nio-8081-exec-6] INFO  r.k.C.controller.ClientController - getClient 1
2025-07-08 00:45:56.117 [http-nio-8081-exec-7] INFO  r.k.C.controller.ClientController - getClient 1
2025-07-08 00:45:56.451 [http-nio-8081-exec-8] INFO  r.k.C.controller.ClientController - getClient 1
2025-07-08 00:46:08.762 [http-nio-8081-exec-9] INFO  r.k.C.controller.ClientController - getClient 1
2025-07-08 00:46:16.992 [http-nio-8081-exec-10] INFO  r.k.C.controller.ClientController - getClient 1
2025-07-08 00:46:21.274 [http-nio-8081-exec-1] INFO  r.k.C.controller.ClientController - getClient 1
2025-07-08 00:46:21.927 [http-nio-8081-exec-3] INFO  r.k.C.controller.ClientController - getClient 1
2025-07-08 00:46:22.668 [http-nio-8081-exec-2] INFO  r.k.C.controller.ClientController - getClient 1
2025-07-08 00:46:23.412 [http-nio-8081-exec-4] INFO  r.k.C.controller.ClientController - getClient 1
2025-07-08 00:46:27.195 [http-nio-8081-exec-5] INFO  r.k.C.controller.ClientController - getClient 1
2025-07-08 00:46:32.880 [http-nio-8081-exec-6] INFO  r.k.C.controller.ClientController - getClient 1
2025-07-08 00:46:38.769 [http-nio-8081-exec-7] INFO  r.k.C.controller.ClientController - getClient 1
2025-07-08 00:46:39.372 [http-nio-8081-exec-8] INFO  r.k.C.controller.ClientController - getClient 1
2025-07-08 00:46:40.110 [http-nio-8081-exec-9] INFO  r.k.C.controller.ClientController - getClient 1
2025-07-08 00:46:45.238 [http-nio-8081-exec-10] INFO  r.k.C.controller.ClientController - getClient 1
2025-07-08 00:46:50.953 [http-nio-8081-exec-1] INFO  r.k.C.controller.ClientController - getClient 1
2025-07-08 00:57:38.523 [http-nio-8081-exec-2] INFO  r.k.C.controller.ClientController - getClient 1
2025-07-08 00:57:41.219 [http-nio-8081-exec-4] INFO  r.k.C.controller.ClientController - getClient 1
2025-07-08 00:57:43.390 [http-nio-8081-exec-5] INFO  r.k.C.controller.ClientController - getClient 1
2025-07-08 00:57:45.087 [http-nio-8081-exec-6] INFO  r.k.C.controller.ClientController - getClient 1
2025-07-08 00:57:47.132 [http-nio-8081-exec-7] INFO  r.k.C.controller.ClientController - getClient 1
2025-07-08 00:57:56.186 [http-nio-8081-exec-8] INFO  r.k.C.controller.ClientController - getClient 1
2025-07-08 00:58:00.987 [http-nio-8081-exec-9] INFO  r.k.C.controller.ClientController - getClient 1
2025-07-08 00:58:01.947 [http-nio-8081-exec-10] INFO  r.k.C.controller.ClientController - getClient 1
2025-07-08 00:58:18.557 [http-nio-8081-exec-1] INFO  r.k.C.controller.ClientController - getClient 1
2025-07-08 00:58:19.814 [http-nio-8081-exec-3] INFO  r.k.C.controller.ClientController - getClient 1
2025-07-08 00:58:23.594 [http-nio-8081-exec-2] INFO  r.k.C.controller.ClientController - getClient 1
2025-07-08 00:58:24.642 [http-nio-8081-exec-4] INFO  r.k.C.controller.ClientController - getClient 1
2025-07-08 00:58:30.327 [http-nio-8081-exec-5] INFO  r.k.C.controller.ClientController - getClient 1
2025-07-08 00:58:31.583 [http-nio-8081-exec-6] INFO  r.k.C.controller.ClientController - getClient 1
2025-07-08 00:58:32.104 [http-nio-8081-exec-7] INFO  r.k.C.controller.ClientController - getClient 1
2025-07-08 00:58:37.524 [http-nio-8081-exec-8] INFO  r.k.C.controller.ClientController - getClient 1
2025-07-08 00:58:53.589 [http-nio-8081-exec-9] INFO  r.k.C.controller.ClientController - getClient 1
2025-07-08 00:59:05.862 [http-nio-8081-exec-10] INFO  r.k.C.controller.ClientController - getClient 1
2025-07-08 00:59:07.274 [http-nio-8081-exec-1] INFO  r.k.C.controller.ClientController - getClient 1
2025-07-08 00:59:12.578 [http-nio-8081-exec-3] INFO  r.k.C.controller.ClientController - getClient 1
2025-07-08 01:03:44.730 [http-nio-8081-exec-4] INFO  r.k.C.controller.ClientController - getClient 1
2025-07-08 01:03:46.136 [http-nio-8081-exec-5] INFO  r.k.C.controller.ClientController - getClient 1
2025-07-08 01:03:50.523 [http-nio-8081-exec-6] INFO  r.k.C.controller.ClientController - getClient 1
2025-07-08 01:04:14.754 [http-nio-8081-exec-7] INFO  r.k.C.controller.ClientController - getClient 1
2025-07-08 01:04:18.581 [http-nio-8081-exec-8] INFO  r.k.C.controller.ClientController - getClient 1
2025-07-08 01:04:20.445 [http-nio-8081-exec-9] INFO  r.k.C.controller.ClientController - getClient 1
2025-07-08 01:04:46.990 [http-nio-8081-exec-10] INFO  r.k.C.controller.ClientController - getClient 1
2025-07-08 01:06:37.567 [http-nio-8081-exec-3] INFO  r.k.C.controller.ClientController - getClient 1
2025-07-08 01:06:40.626 [http-nio-8081-exec-2] INFO  r.k.C.controller.ClientController - getClient 1
2025-07-08 01:06:42.207 [http-nio-8081-exec-4] INFO  r.k.C.controller.ClientController - getClient 1
2025-07-08 01:06:44.141 [http-nio-8081-exec-5] INFO  r.k.C.controller.ClientController - getClient 1
2025-07-08 01:06:52.948 [http-nio-8081-exec-6] INFO  r.k.C.controller.ClientController - getClient 1
2025-07-08 01:07:00.704 [http-nio-8081-exec-7] INFO  r.k.C.controller.ClientController - getClient 1
2025-07-08 01:07:20.947 [http-nio-8081-exec-8] INFO  r.k.C.controller.ClientController - getClient 1
2025-07-08 01:07:22.207 [http-nio-8081-exec-9] INFO  r.k.C.controller.ClientController - getClient 1
2025-07-08 01:07:26.002 [http-nio-8081-exec-10] INFO  r.k.C.controller.ClientController - getClient 1
2025-07-08 01:07:31.391 [http-nio-8081-exec-1] INFO  r.k.C.controller.ClientController - getClient 1
2025-07-08 01:07:36.236 [http-nio-8081-exec-3] INFO  r.k.C.controller.ClientController - getClient 1
2025-07-08 01:07:36.974 [http-nio-8081-exec-2] INFO  r.k.C.controller.ClientController - getClient 1
2025-07-08 01:08:05.063 [http-nio-8081-exec-4] INFO  r.k.C.controller.ClientController - getClient 1
2025-07-08 01:08:06.240 [http-nio-8081-exec-5] INFO  r.k.C.controller.ClientController - getClient 1
2025-07-08 01:08:17.751 [http-nio-8081-exec-6] INFO  r.k.C.controller.ClientController - getClient 1
2025-07-08 01:08:18.112 [http-nio-8081-exec-7] INFO  r.k.C.controller.ClientController - getClient 1
2025-07-08 01:08:18.270 [http-nio-8081-exec-8] INFO  r.k.C.controller.ClientController - getClient 1
2025-07-08 01:08:38.667 [http-nio-8081-exec-9] INFO  r.k.C.controller.ClientController - getClient 1
2025-07-08 01:13:03.209 [http-nio-8081-exec-1] INFO  r.k.C.controller.ClientController - GetAllClients
2025-07-08 01:13:29.771 [http-nio-8081-exec-3] INFO  r.k.C.controller.ClientController - getClientByTelegramUser egorkhaziev
2025-07-08 01:14:04.041 [http-nio-8081-exec-2] INFO  r.k.C.controller.ClientController - GetAllClients
2025-07-08 01:14:05.370 [http-nio-8081-exec-4] INFO  r.k.C.controller.ClientController - getClientByTelegramUser egorkhaziev
2025-07-08 01:15:40.724 [http-nio-8081-exec-6] INFO  r.k.C.controller.ClientController - getClient 1
2025-07-08 01:15:41.439 [AsyncReporter{ZipkinRestTemplateSender{http://localhost:9411/api/v2/spans}}] WARN  z.r.i.AsyncReporter$BoundedAsyncReporter - Spans were dropped due to exceptions. All subsequent errors will be logged at FINE level.
2025-07-08 01:15:41.439 [AsyncReporter{ZipkinRestTemplateSender{http://localhost:9411/api/v2/spans}}] WARN  z.r.i.AsyncReporter$BoundedAsyncReporter - Dropped 2 spans due to ResourceAccessException(I/O error on POST request for "http://localhost:9411/api/v2/spans": null)
org.springframework.web.client.ResourceAccessException: I/O error on POST request for "http://localhost:9411/api/v2/spans": null
	at org.springframework.web.client.RestTemplate.createResourceAccessException(RestTemplate.java:926)
	at org.springframework.web.client.RestTemplate.doExecute(RestTemplate.java:906)
	at org.springframework.web.client.RestTemplate.execute(RestTemplate.java:841)
	at org.springframework.web.client.RestTemplate.exchange(RestTemplate.java:702)
	at org.springframework.boot.actuate.autoconfigure.tracing.zipkin.ZipkinRestTemplateSender.postSpans(ZipkinRestTemplateSender.java:50)
	at org.springframework.boot.actuate.autoconfigure.tracing.zipkin.HttpSender.postSpans(HttpSender.java:69)
	at org.springframework.boot.actuate.autoconfigure.tracing.zipkin.HttpSender.postSpans(HttpSender.java:41)
	at zipkin2.reporter.BaseHttpSender.send(BaseHttpSender.java:123)
	at zipkin2.reporter.internal.AsyncReporter$BoundedAsyncReporter.flush(AsyncReporter.java:266)
	at zipkin2.reporter.internal.AsyncReporter$Flusher.run(AsyncReporter.java:352)
	at java.base/java.lang.Thread.run(Thread.java:840)
Caused by: java.net.ConnectException: null
	at java.net.http/jdk.internal.net.http.common.Utils.toConnectException(Utils.java:1083)
	at java.net.http/jdk.internal.net.http.PlainHttpConnection.connectAsync(PlainHttpConnection.java:198)
	at java.net.http/jdk.internal.net.http.PlainHttpConnection.checkRetryConnect(PlainHttpConnection.java:230)
	at java.net.http/jdk.internal.net.http.PlainHttpConnection.lambda$connectAsync$1(PlainHttpConnection.java:206)
	at java.base/java.util.concurrent.CompletableFuture.uniHandle(CompletableFuture.java:934)
	at java.base/java.util.concurrent.CompletableFuture$UniHandle.tryFire(CompletableFuture.java:911)
	at java.base/java.util.concurrent.CompletableFuture.postComplete(CompletableFuture.java:510)
	at java.base/java.util.concurrent.CompletableFuture$AsyncSupply.run(CompletableFuture.java:1773)
	at java.base/java.util.concurrent.ThreadPoolExecutor.runWorker(ThreadPoolExecutor.java:1136)
	at java.base/java.util.concurrent.ThreadPoolExecutor$Worker.run(ThreadPoolExecutor.java:635)
	... 1 common frames omitted
Caused by: java.nio.channels.ClosedChannelException: null
	at java.base/sun.nio.ch.SocketChannelImpl.ensureOpen(SocketChannelImpl.java:195)
	at java.base/sun.nio.ch.SocketChannelImpl.beginConnect(SocketChannelImpl.java:760)
	at java.base/sun.nio.ch.SocketChannelImpl.connect(SocketChannelImpl.java:848)
	at java.net.http/jdk.internal.net.http.PlainHttpConnection.lambda$connectAsync$0(PlainHttpConnection.java:183)
	at java.base/java.security.AccessController.doPrivileged(AccessController.java:569)
	at java.net.http/jdk.internal.net.http.PlainHttpConnection.connectAsync(PlainHttpConnection.java:185)
	... 9 common frames omitted
2025-07-08 01:17:41.739 [http-nio-8081-exec-8] INFO  r.k.C.controller.ClientController - GetAllClients
2025-07-08 01:17:42.489 [http-nio-8081-exec-9] INFO  r.k.C.controller.ClientController - getClientByTelegramUser egorkhaziev
2025-07-08 01:19:08.826 [http-nio-8081-exec-1] INFO  r.k.C.controller.ClientController - GetAllClients
2025-07-08 01:19:09.576 [http-nio-8081-exec-3] INFO  r.k.C.controller.ClientController - getClientByTelegramUser egorkhaziev
2025-07-08 01:20:44.579 [http-nio-8081-exec-4] INFO  r.k.C.controller.ClientController - getClient 1
2025-07-08 01:24:30.344 [SpringApplicationShutdownHook] INFO  o.s.b.w.e.tomcat.GracefulShutdown - Commencing graceful shutdown. Waiting for active requests to complete
2025-07-08 01:24:30.509 [tomcat-shutdown] INFO  o.s.b.w.e.tomcat.GracefulShutdown - Graceful shutdown complete
2025-07-08 01:24:30.514 [SpringApplicationShutdownHook] INFO  o.s.o.j.LocalContainerEntityManagerFactoryBean - Closing JPA EntityManagerFactory for persistence unit 'default'
2025-07-08 01:24:30.517 [SpringApplicationShutdownHook] INFO  com.zaxxer.hikari.HikariDataSource - HikariPool-1 - Shutdown initiated...
2025-07-08 01:24:30.520 [SpringApplicationShutdownHook] INFO  com.zaxxer.hikari.HikariDataSource - HikariPool-1 - Shutdown completed.
2025-07-08 01:24:33.190 [background-preinit] INFO  o.h.validator.internal.util.Version - HV000001: Hibernate Validator 8.0.1.Final
2025-07-08 01:24:33.249 [main] INFO  r.k.ClientModule.ClientModuleApp - Starting ClientModuleApp using Java 17.0.15 with PID 27680 (C:\Users\egor5\Desktop\OTUS\FitnessClub\ClientModule\target\classes started by egor5 in C:\Users\egor5\Desktop\OTUS\FitnessClub)
2025-07-08 01:24:33.251 [main] INFO  r.k.ClientModule.ClientModuleApp - No active profile set, falling back to 1 default profile: "default"
2025-07-08 01:24:34.192 [main] INFO  o.s.d.r.c.RepositoryConfigurationDelegate - Bootstrapping Spring Data JPA repositories in DEFAULT mode.
2025-07-08 01:24:34.251 [main] INFO  o.s.d.r.c.RepositoryConfigurationDelegate - Finished Spring Data repository scanning in 50 ms. Found 2 JPA repository interfaces.
2025-07-08 01:24:34.836 [main] INFO  o.s.b.w.e.tomcat.TomcatWebServer - Tomcat initialized with port 8081 (http)
2025-07-08 01:24:34.844 [main] INFO  o.a.coyote.http11.Http11NioProtocol - Initializing ProtocolHandler ["http-nio-8081"]
2025-07-08 01:24:34.846 [main] INFO  o.a.catalina.core.StandardService - Starting service [Tomcat]
2025-07-08 01:24:34.846 [main] INFO  o.a.catalina.core.StandardEngine - Starting Servlet engine: [Apache Tomcat/10.1.33]
2025-07-08 01:24:34.921 [main] INFO  o.a.c.c.C.[Tomcat].[localhost].[/] - Initializing Spring embedded WebApplicationContext
2025-07-08 01:24:34.922 [main] INFO  o.s.b.w.s.c.ServletWebServerApplicationContext - Root WebApplicationContext: initialization completed in 1629 ms
2025-07-08 01:24:35.361 [main] INFO  com.zaxxer.hikari.HikariDataSource - HikariPool-1 - Starting...
2025-07-08 01:24:35.461 [main] INFO  com.zaxxer.hikari.pool.HikariPool - HikariPool-1 - Added connection org.postgresql.jdbc.PgConnection@65015a49
2025-07-08 01:24:35.463 [main] INFO  com.zaxxer.hikari.HikariDataSource - HikariPool-1 - Start completed.
2025-07-08 01:24:35.586 [main] INFO  liquibase.database - Set default schema name to public
2025-07-08 01:24:35.869 [main] INFO  liquibase.changelog - Reading from public.databasechangelog
2025-07-08 01:24:35.926 [main] INFO  liquibase.ui - Database is up to date, no changesets to execute
2025-07-08 01:24:35.928 [main] INFO  liquibase.changelog - Reading from public.databasechangelog
2025-07-08 01:24:35.936 [main] INFO  liquibase.util - UPDATE SUMMARY
2025-07-08 01:24:35.937 [main] INFO  liquibase.util - Run:                          0
2025-07-08 01:24:35.937 [main] INFO  liquibase.util - Previously run:               7
2025-07-08 01:24:35.937 [main] INFO  liquibase.util - Filtered out:                 0
2025-07-08 01:24:35.937 [main] INFO  liquibase.util - -------------------------------
2025-07-08 01:24:35.937 [main] INFO  liquibase.util - Total change sets:            7
2025-07-08 01:24:35.938 [main] INFO  liquibase.util - Update summary generated
2025-07-08 01:24:35.939 [main] INFO  liquibase.command - Command execution complete
2025-07-08 01:24:36.028 [main] INFO  o.h.jpa.internal.util.LogHelper - HHH000204: Processing PersistenceUnitInfo [name: default]
2025-07-08 01:24:36.088 [main] INFO  org.hibernate.Version - HHH000412: Hibernate ORM core version 6.6.2.Final
2025-07-08 01:24:36.124 [main] INFO  o.h.c.i.RegionFactoryInitiator - HHH000026: Second-level cache disabled
2025-07-08 01:24:36.396 [main] INFO  o.s.o.j.p.SpringPersistenceUnitInfo - No LoadTimeWeaver setup: ignoring JPA class transformer
2025-07-08 01:24:36.443 [main] WARN  org.hibernate.orm.deprecation - HHH90000025: PostgreSQLDialect does not need to be specified explicitly using 'hibernate.dialect' (remove the property setting and it will be selected by default)
2025-07-08 01:24:36.457 [main] INFO  o.hibernate.orm.connections.pooling - HHH10001005: Database info:
	Database JDBC URL [Connecting through datasource 'HikariDataSource (HikariPool-1)']
	Database driver: undefined/unknown
	Database version: 15.13
	Autocommit mode: undefined/unknown
	Isolation level: undefined/unknown
	Minimum pool size: undefined/unknown
	Maximum pool size: undefined/unknown
2025-07-08 01:24:37.252 [main] INFO  o.h.e.t.j.p.i.JtaPlatformInitiator - HHH000489: No JTA platform available (set 'hibernate.transaction.jta.platform' to enable JTA platform integration)
2025-07-08 01:24:37.255 [main] INFO  o.s.o.j.LocalContainerEntityManagerFactoryBean - Initialized JPA EntityManagerFactory for persistence unit 'default'
2025-07-08 01:24:37.670 [main] WARN  o.s.b.a.o.j.JpaBaseConfiguration$JpaWebConfiguration - spring.jpa.open-in-view is enabled by default. Therefore, database queries may be performed during view rendering. Explicitly configure spring.jpa.open-in-view to disable this warning
2025-07-08 01:24:38.315 [main] INFO  o.s.b.a.e.web.EndpointLinksResolver - Exposing 15 endpoints beneath base path '/actuator'
2025-07-08 01:24:38.382 [main] INFO  o.a.coyote.http11.Http11NioProtocol - Starting ProtocolHandler ["http-nio-8081"]
2025-07-08 01:24:38.393 [main] INFO  o.s.b.w.e.tomcat.TomcatWebServer - Tomcat started on port 8081 (http) with context path '/'
2025-07-08 01:24:38.409 [main] INFO  r.k.ClientModule.ClientModuleApp - Started ClientModuleApp in 5.734 seconds (process running for 6.509)
2025-07-08 01:24:38.582 [RMI TCP Connection(3)-192.168.56.1] INFO  o.a.c.c.C.[Tomcat].[localhost].[/] - Initializing Spring DispatcherServlet 'dispatcherServlet'
2025-07-08 01:24:38.582 [RMI TCP Connection(3)-192.168.56.1] INFO  o.s.web.servlet.DispatcherServlet - Initializing Servlet 'dispatcherServlet'
2025-07-08 01:24:38.584 [RMI TCP Connection(3)-192.168.56.1] INFO  o.s.web.servlet.DispatcherServlet - Completed initialization in 2 ms
2025-07-08 01:25:17.721 [http-nio-8081-exec-1] INFO  r.k.C.controller.ClientController - GetAllClients
2025-07-08 01:25:18.865 [AsyncReporter{ZipkinRestTemplateSender{http://localhost:9411/api/v2/spans}}] WARN  z.r.i.AsyncReporter$BoundedAsyncReporter - Spans were dropped due to exceptions. All subsequent errors will be logged at FINE level.
2025-07-08 01:25:18.865 [AsyncReporter{ZipkinRestTemplateSender{http://localhost:9411/api/v2/spans}}] WARN  z.r.i.AsyncReporter$BoundedAsyncReporter - Dropped 2 spans due to ResourceAccessException(I/O error on POST request for "http://localhost:9411/api/v2/spans": null)
org.springframework.web.client.ResourceAccessException: I/O error on POST request for "http://localhost:9411/api/v2/spans": null
	at org.springframework.web.client.RestTemplate.createResourceAccessException(RestTemplate.java:926)
	at org.springframework.web.client.RestTemplate.doExecute(RestTemplate.java:906)
	at org.springframework.web.client.RestTemplate.execute(RestTemplate.java:841)
	at org.springframework.web.client.RestTemplate.exchange(RestTemplate.java:702)
	at org.springframework.boot.actuate.autoconfigure.tracing.zipkin.ZipkinRestTemplateSender.postSpans(ZipkinRestTemplateSender.java:50)
	at org.springframework.boot.actuate.autoconfigure.tracing.zipkin.HttpSender.postSpans(HttpSender.java:69)
	at org.springframework.boot.actuate.autoconfigure.tracing.zipkin.HttpSender.postSpans(HttpSender.java:41)
	at zipkin2.reporter.BaseHttpSender.send(BaseHttpSender.java:123)
	at zipkin2.reporter.internal.AsyncReporter$BoundedAsyncReporter.flush(AsyncReporter.java:266)
	at zipkin2.reporter.internal.AsyncReporter$Flusher.run(AsyncReporter.java:352)
	at java.base/java.lang.Thread.run(Thread.java:840)
Caused by: java.net.ConnectException: null
	at java.net.http/jdk.internal.net.http.common.Utils.toConnectException(Utils.java:1083)
	at java.net.http/jdk.internal.net.http.PlainHttpConnection.connectAsync(PlainHttpConnection.java:198)
	at java.net.http/jdk.internal.net.http.PlainHttpConnection.checkRetryConnect(PlainHttpConnection.java:230)
	at java.net.http/jdk.internal.net.http.PlainHttpConnection.lambda$connectAsync$1(PlainHttpConnection.java:206)
	at java.base/java.util.concurrent.CompletableFuture.uniHandle(CompletableFuture.java:934)
	at java.base/java.util.concurrent.CompletableFuture$UniHandle.tryFire(CompletableFuture.java:911)
	at java.base/java.util.concurrent.CompletableFuture.postComplete(CompletableFuture.java:510)
	at java.base/java.util.concurrent.CompletableFuture$AsyncSupply.run(CompletableFuture.java:1773)
	at java.base/java.util.concurrent.ThreadPoolExecutor.runWorker(ThreadPoolExecutor.java:1136)
	at java.base/java.util.concurrent.ThreadPoolExecutor$Worker.run(ThreadPoolExecutor.java:635)
	... 1 common frames omitted
Caused by: java.nio.channels.ClosedChannelException: null
	at java.base/sun.nio.ch.SocketChannelImpl.ensureOpen(SocketChannelImpl.java:195)
	at java.base/sun.nio.ch.SocketChannelImpl.beginConnect(SocketChannelImpl.java:760)
	at java.base/sun.nio.ch.SocketChannelImpl.connect(SocketChannelImpl.java:848)
	at java.net.http/jdk.internal.net.http.PlainHttpConnection.lambda$connectAsync$0(PlainHttpConnection.java:183)
	at java.base/java.security.AccessController.doPrivileged(AccessController.java:569)
	at java.net.http/jdk.internal.net.http.PlainHttpConnection.connectAsync(PlainHttpConnection.java:185)
	... 9 common frames omitted
2025-07-08 01:25:19.616 [http-nio-8081-exec-2] INFO  r.k.C.controller.ClientController - getClientByTelegramUser egorkhaziev
2025-07-08 01:31:22.458 [http-nio-8081-exec-4] INFO  r.k.C.controller.ClientController - GetAllClients
2025-07-08 01:31:23.533 [http-nio-8081-exec-5] INFO  r.k.C.controller.ClientController - GetAllClients
2025-07-08 01:31:24.377 [http-nio-8081-exec-6] INFO  r.k.C.controller.ClientController - GetAllClients
2025-07-08 01:31:25.077 [http-nio-8081-exec-7] INFO  r.k.C.controller.ClientController - GetAllClients
2025-07-08 01:31:25.587 [http-nio-8081-exec-8] INFO  r.k.C.controller.ClientController - GetAllClients
2025-07-08 01:31:26.017 [http-nio-8081-exec-9] INFO  r.k.C.controller.ClientController - GetAllClients
2025-07-08 01:31:26.794 [http-nio-8081-exec-10] INFO  r.k.C.controller.ClientController - GetAllClients
2025-07-08 01:31:27.326 [http-nio-8081-exec-1] INFO  r.k.C.controller.ClientController - GetAllClients
2025-07-08 01:31:27.977 [http-nio-8081-exec-2] INFO  r.k.C.controller.ClientController - GetAllClients
2025-07-08 01:31:28.728 [http-nio-8081-exec-3] INFO  r.k.C.controller.ClientController - GetAllClients
2025-07-08 01:31:29.218 [http-nio-8081-exec-4] INFO  r.k.C.controller.ClientController - GetAllClients
2025-07-08 01:31:30.046 [http-nio-8081-exec-5] INFO  r.k.C.controller.ClientController - GetAllClients
2025-07-08 01:31:30.538 [http-nio-8081-exec-6] INFO  r.k.C.controller.ClientController - GetAllClients
2025-07-08 01:31:31.362 [http-nio-8081-exec-7] INFO  r.k.C.controller.ClientController - GetAllClients
2025-07-08 01:31:31.867 [http-nio-8081-exec-8] INFO  r.k.C.controller.ClientController - GetAllClients
2025-07-08 01:31:32.681 [http-nio-8081-exec-9] INFO  r.k.C.controller.ClientController - GetAllClients
2025-07-08 01:31:33.463 [http-nio-8081-exec-10] INFO  r.k.C.controller.ClientController - GetAllClients
2025-07-08 01:31:33.955 [http-nio-8081-exec-1] INFO  r.k.C.controller.ClientController - GetAllClients
2025-07-08 01:31:34.779 [http-nio-8081-exec-2] INFO  r.k.C.controller.ClientController - GetAllClients
2025-07-08 01:31:35.685 [http-nio-8081-exec-3] INFO  r.k.C.controller.ClientController - GetAllClients
2025-07-08 01:31:36.481 [http-nio-8081-exec-4] INFO  r.k.C.controller.ClientController - GetAllClients
2025-07-08 01:31:37.275 [http-nio-8081-exec-5] INFO  r.k.C.controller.ClientController - GetAllClients
2025-07-08 01:31:37.986 [http-nio-8081-exec-6] INFO  r.k.C.controller.ClientController - GetAllClients
2025-07-08 01:31:38.472 [http-nio-8081-exec-7] INFO  r.k.C.controller.ClientController - GetAllClients
2025-07-08 01:31:38.977 [http-nio-8081-exec-8] INFO  r.k.C.controller.ClientController - GetAllClients
2025-07-08 01:31:39.439 [http-nio-8081-exec-9] INFO  r.k.C.controller.ClientController - GetAllClients
2025-07-08 01:31:40.246 [http-nio-8081-exec-10] INFO  r.k.C.controller.ClientController - GetAllClients
2025-07-08 01:31:40.737 [http-nio-8081-exec-1] INFO  r.k.C.controller.ClientController - GetAllClients
2025-07-08 01:31:41.477 [http-nio-8081-exec-2] INFO  r.k.C.controller.ClientController - GetAllClients
2025-07-08 01:31:42.030 [http-nio-8081-exec-3] INFO  r.k.C.controller.ClientController - GetAllClients
2025-07-08 01:31:42.821 [http-nio-8081-exec-4] INFO  r.k.C.controller.ClientController - GetAllClients
2025-07-08 01:31:43.298 [http-nio-8081-exec-5] INFO  r.k.C.controller.ClientController - GetAllClients
2025-07-08 01:31:44.129 [http-nio-8081-exec-6] INFO  r.k.C.controller.ClientController - GetAllClients
2025-07-08 01:31:50.845 [http-nio-8081-exec-7] INFO  r.k.C.controller.ClientController - GetAllClients
2025-07-08 01:31:51.706 [http-nio-8081-exec-8] INFO  r.k.C.controller.ClientController - GetAllClients
2025-07-08 01:34:15.185 [http-nio-8081-exec-10] INFO  r.k.C.controller.ClientController - getClient 1
2025-07-08 01:35:44.427 [http-nio-8081-exec-2] INFO  r.k.C.controller.ClientController - getClient 1
2025-07-08 01:35:45.164 [http-nio-8081-exec-3] INFO  r.k.C.controller.ClientController - getClient 1
2025-07-08 01:35:45.923 [http-nio-8081-exec-4] INFO  r.k.C.controller.ClientController - getClient 1
2025-07-08 01:35:46.675 [http-nio-8081-exec-5] INFO  r.k.C.controller.ClientController - getClient 1
2025-07-08 01:35:47.531 [http-nio-8081-exec-6] INFO  r.k.C.controller.ClientController - getClient 1
2025-07-08 01:35:51.427 [http-nio-8081-exec-7] INFO  r.k.C.controller.ClientController - getClient 1
2025-07-08 01:35:52.419 [http-nio-8081-exec-8] INFO  r.k.C.controller.ClientController - getClient 1
2025-07-08 01:38:53.856 [http-nio-8081-exec-10] INFO  r.k.C.controller.ClientController - getClient 1
2025-07-08 01:38:54.818 [http-nio-8081-exec-1] INFO  r.k.C.controller.ClientController - getClient 1
2025-07-08 01:38:55.562 [http-nio-8081-exec-2] INFO  r.k.C.controller.ClientController - getClient 1
2025-07-08 01:38:56.597 [http-nio-8081-exec-3] INFO  r.k.C.controller.ClientController - getClient 1
2025-07-08 01:38:57.172 [http-nio-8081-exec-4] INFO  r.k.C.controller.ClientController - getClient 1
2025-07-08 01:39:00.928 [http-nio-8081-exec-5] INFO  r.k.C.controller.ClientController - getClient 1
2025-07-08 01:39:01.491 [http-nio-8081-exec-6] INFO  r.k.C.controller.ClientController - getClient 1
2025-07-08 01:39:02.022 [http-nio-8081-exec-7] INFO  r.k.C.controller.ClientController - getClient 1
2025-07-08 01:39:05.056 [http-nio-8081-exec-8] INFO  r.k.C.controller.ClientController - getClient 1
2025-07-08 01:39:05.657 [http-nio-8081-exec-9] INFO  r.k.C.controller.ClientController - getClient 1
2025-07-08 01:39:06.118 [http-nio-8081-exec-10] INFO  r.k.C.controller.ClientController - getClient 1
2025-07-08 01:39:06.627 [http-nio-8081-exec-1] INFO  r.k.C.controller.ClientController - getClient 1
2025-07-08 01:39:07.070 [http-nio-8081-exec-2] INFO  r.k.C.controller.ClientController - getClient 1
2025-07-08 01:39:08.885 [http-nio-8081-exec-3] INFO  r.k.C.controller.ClientController - getClient 1
2025-07-08 01:39:09.340 [http-nio-8081-exec-4] INFO  r.k.C.controller.ClientController - getClient 1
2025-07-08 01:39:12.992 [http-nio-8081-exec-5] INFO  r.k.C.controller.ClientController - getClient 1
2025-07-08 01:39:14.149 [http-nio-8081-exec-6] INFO  r.k.C.controller.ClientController - getClient 1
2025-07-08 01:39:14.671 [http-nio-8081-exec-7] INFO  r.k.C.controller.ClientController - getClient 1
2025-07-08 01:39:15.177 [http-nio-8081-exec-8] INFO  r.k.C.controller.ClientController - getClient 1
2025-07-08 01:39:15.724 [http-nio-8081-exec-9] INFO  r.k.C.controller.ClientController - getClient 1
2025-07-08 01:39:19.385 [http-nio-8081-exec-10] INFO  r.k.C.controller.ClientController - getClient 1
2025-07-08 01:39:26.362 [http-nio-8081-exec-1] INFO  r.k.C.controller.ClientController - getClient 1
2025-07-08 01:39:28.064 [http-nio-8081-exec-2] INFO  r.k.C.controller.ClientController - getClient 1
2025-07-08 01:39:29.483 [http-nio-8081-exec-3] INFO  r.k.C.controller.ClientController - getClient 1
2025-07-08 01:39:30.634 [http-nio-8081-exec-4] INFO  r.k.C.controller.ClientController - getClient 1
2025-07-08 01:52:07.493 [SpringApplicationShutdownHook] INFO  o.s.b.w.e.tomcat.GracefulShutdown - Commencing graceful shutdown. Waiting for active requests to complete
2025-07-08 01:52:07.710 [tomcat-shutdown] INFO  o.s.b.w.e.tomcat.GracefulShutdown - Graceful shutdown complete
2025-07-08 01:52:07.715 [SpringApplicationShutdownHook] INFO  o.s.o.j.LocalContainerEntityManagerFactoryBean - Closing JPA EntityManagerFactory for persistence unit 'default'
2025-07-08 01:52:07.717 [SpringApplicationShutdownHook] INFO  com.zaxxer.hikari.HikariDataSource - HikariPool-1 - Shutdown initiated...
2025-07-08 01:52:07.720 [SpringApplicationShutdownHook] INFO  com.zaxxer.hikari.HikariDataSource - HikariPool-1 - Shutdown completed.
2025-07-08 22:08:44.525 [background-preinit] INFO  o.h.validator.internal.util.Version - HV000001: Hibernate Validator 8.0.1.Final
2025-07-08 22:08:44.572 [main] INFO  r.k.ClientModule.ClientModuleApp - Starting ClientModuleApp using Java 17.0.15 with PID 5152 (C:\Users\egor5\Desktop\OTUS\FitnessClub\ClientModule\target\classes started by egor5 in C:\Users\egor5\Desktop\OTUS\FitnessClub)
2025-07-08 22:08:44.574 [main] INFO  r.k.ClientModule.ClientModuleApp - No active profile set, falling back to 1 default profile: "default"
2025-07-08 22:08:45.590 [main] INFO  o.s.d.r.c.RepositoryConfigurationDelegate - Bootstrapping Spring Data JPA repositories in DEFAULT mode.
2025-07-08 22:08:45.636 [main] INFO  o.s.d.r.c.RepositoryConfigurationDelegate - Finished Spring Data repository scanning in 39 ms. Found 2 JPA repository interfaces.
2025-07-08 22:08:46.144 [main] INFO  o.s.b.w.e.tomcat.TomcatWebServer - Tomcat initialized with port 8081 (http)
2025-07-08 22:08:46.154 [main] INFO  o.a.coyote.http11.Http11NioProtocol - Initializing ProtocolHandler ["http-nio-8081"]
2025-07-08 22:08:46.155 [main] INFO  o.a.catalina.core.StandardService - Starting service [Tomcat]
2025-07-08 22:08:46.155 [main] INFO  o.a.catalina.core.StandardEngine - Starting Servlet engine: [Apache Tomcat/10.1.33]
2025-07-08 22:08:46.232 [main] INFO  o.a.c.c.C.[Tomcat].[localhost].[/] - Initializing Spring embedded WebApplicationContext
2025-07-08 22:08:46.232 [main] INFO  o.s.b.w.s.c.ServletWebServerApplicationContext - Root WebApplicationContext: initialization completed in 1623 ms
2025-07-08 22:08:46.659 [main] INFO  com.zaxxer.hikari.HikariDataSource - HikariPool-1 - Starting...
2025-07-08 22:08:50.405 [main] WARN  o.s.b.w.s.c.AnnotationConfigServletWebServerApplicationContext - Exception encountered during context initialization - cancelling refresh attempt: org.springframework.beans.factory.BeanCreationException: Error creating bean with name 'entityManagerFactory' defined in class path resource [org/springframework/boot/autoconfigure/orm/jpa/HibernateJpaConfiguration.class]: Failed to initialize dependency 'liquibase' of LoadTimeWeaverAware bean 'entityManagerFactory': Error creating bean with name 'liquibase' defined in class path resource [org/springframework/boot/autoconfigure/liquibase/LiquibaseAutoConfiguration$LiquibaseConfiguration.class]: liquibase.exception.DatabaseException: org.postgresql.util.PSQLException:    .
2025-07-08 22:08:51.418 [main] WARN  z.r.i.AsyncReporter$BoundedAsyncReporter - Timed out waiting for in-flight spans to send
2025-07-08 22:08:51.421 [main] INFO  o.a.catalina.core.StandardService - Stopping service [Tomcat]
2025-07-08 22:08:51.424 [main] WARN  o.a.c.loader.WebappClassLoaderBase - The web application [ROOT] appears to have started a thread named [HttpClient-1-SelectorManager] but has failed to stop it. This is very likely to create a memory leak. Stack trace of thread:
 java.base@17.0.15/sun.nio.ch.WEPoll.wait(Native Method)
 java.base@17.0.15/sun.nio.ch.WEPollSelectorImpl.doSelect(WEPollSelectorImpl.java:111)
 java.base@17.0.15/sun.nio.ch.SelectorImpl.lockAndDoSelect(SelectorImpl.java:129)
 java.base@17.0.15/sun.nio.ch.SelectorImpl.select(SelectorImpl.java:141)
 platform/java.net.http@17.0.15/jdk.internal.net.http.HttpClientImpl$SelectorManager.run(HttpClientImpl.java:894)
2025-07-08 22:08:51.444 [main] INFO  o.s.b.a.l.ConditionEvaluationReportLogger - 

Error starting ApplicationContext. To display the condition evaluation report re-run your application with 'debug' enabled.
2025-07-08 22:08:51.463 [main] ERROR o.s.boot.SpringApplication - Application run failed
org.springframework.beans.factory.BeanCreationException: Error creating bean with name 'entityManagerFactory' defined in class path resource [org/springframework/boot/autoconfigure/orm/jpa/HibernateJpaConfiguration.class]: Failed to initialize dependency 'liquibase' of LoadTimeWeaverAware bean 'entityManagerFactory': Error creating bean with name 'liquibase' defined in class path resource [org/springframework/boot/autoconfigure/liquibase/LiquibaseAutoConfiguration$LiquibaseConfiguration.class]: liquibase.exception.DatabaseException: org.postgresql.util.PSQLException:    .
	at org.springframework.beans.factory.support.AbstractBeanFactory.doGetBean(AbstractBeanFactory.java:325)
	at org.springframework.beans.factory.support.AbstractBeanFactory.getBean(AbstractBeanFactory.java:204)
	at org.springframework.context.support.AbstractApplicationContext.finishBeanFactoryInitialization(AbstractApplicationContext.java:970)
	at org.springframework.context.support.AbstractApplicationContext.refresh(AbstractApplicationContext.java:627)
	at org.springframework.boot.web.servlet.context.ServletWebServerApplicationContext.refresh(ServletWebServerApplicationContext.java:146)
	at org.springframework.boot.SpringApplication.refresh(SpringApplication.java:752)
	at org.springframework.boot.SpringApplication.refreshContext(SpringApplication.java:439)
	at org.springframework.boot.SpringApplication.run(SpringApplication.java:318)
	at org.springframework.boot.SpringApplication.run(SpringApplication.java:1361)
	at org.springframework.boot.SpringApplication.run(SpringApplication.java:1350)
	at ru.khaziev.ClientModule.ClientModuleApp.main(ClientModuleApp.java:10)
Caused by: org.springframework.beans.factory.BeanCreationException: Error creating bean with name 'liquibase' defined in class path resource [org/springframework/boot/autoconfigure/liquibase/LiquibaseAutoConfiguration$LiquibaseConfiguration.class]: liquibase.exception.DatabaseException: org.postgresql.util.PSQLException:    .
	at org.springframework.beans.factory.support.AbstractAutowireCapableBeanFactory.initializeBean(AbstractAutowireCapableBeanFactory.java:1802)
	at org.springframework.beans.factory.support.AbstractAutowireCapableBeanFactory.doCreateBean(AbstractAutowireCapableBeanFactory.java:601)
	at org.springframework.beans.factory.support.AbstractAutowireCapableBeanFactory.createBean(AbstractAutowireCapableBeanFactory.java:523)
	at org.springframework.beans.factory.support.AbstractBeanFactory.lambda$doGetBean$0(AbstractBeanFactory.java:336)
	at org.springframework.beans.factory.support.DefaultSingletonBeanRegistry.getSingleton(DefaultSingletonBeanRegistry.java:288)
	at org.springframework.beans.factory.support.AbstractBeanFactory.doGetBean(AbstractBeanFactory.java:334)
	at org.springframework.beans.factory.support.AbstractBeanFactory.getBean(AbstractBeanFactory.java:199)
	at org.springframework.beans.factory.support.AbstractBeanFactory.doGetBean(AbstractBeanFactory.java:312)
	... 10 common frames omitted
Caused by: liquibase.exception.UnexpectedLiquibaseException: liquibase.exception.DatabaseException: org.postgresql.util.PSQLException:    .
	at liquibase.integration.spring.SpringLiquibase.afterPropertiesSet(SpringLiquibase.java:267)
	at org.springframework.beans.factory.support.AbstractAutowireCapableBeanFactory.invokeInitMethods(AbstractAutowireCapableBeanFactory.java:1849)
	at org.springframework.beans.factory.support.AbstractAutowireCapableBeanFactory.initializeBean(AbstractAutowireCapableBeanFactory.java:1798)
	... 17 common frames omitted
Caused by: liquibase.exception.DatabaseException: org.postgresql.util.PSQLException:    .
	at liquibase.integration.spring.SpringLiquibase.lambda$afterPropertiesSet$0(SpringLiquibase.java:259)
	at liquibase.Scope.lambda$child$0(Scope.java:191)
	at liquibase.Scope.child(Scope.java:200)
	at liquibase.Scope.child(Scope.java:190)
	at liquibase.Scope.child(Scope.java:169)
	at liquibase.Scope.child(Scope.java:257)
	at liquibase.integration.spring.SpringLiquibase.afterPropertiesSet(SpringLiquibase.java:250)
	... 19 common frames omitted
Caused by: org.postgresql.util.PSQLException:    .
	at org.postgresql.core.v3.ConnectionFactoryImpl.openConnectionImpl(ConnectionFactoryImpl.java:364)
	at org.postgresql.core.ConnectionFactory.openConnection(ConnectionFactory.java:54)
	at org.postgresql.jdbc.PgConnection.<init>(PgConnection.java:273)
	at org.postgresql.Driver.makeConnection(Driver.java:446)
	at org.postgresql.Driver.connect(Driver.java:298)
	at com.zaxxer.hikari.util.DriverDataSource.getConnection(DriverDataSource.java:137)
	at com.zaxxer.hikari.pool.PoolBase.newConnection(PoolBase.java:360)
	at com.zaxxer.hikari.pool.PoolBase.newPoolEntry(PoolBase.java:202)
	at com.zaxxer.hikari.pool.HikariPool.createPoolEntry(HikariPool.java:461)
	at com.zaxxer.hikari.pool.HikariPool.checkFailFast(HikariPool.java:550)
	at com.zaxxer.hikari.pool.HikariPool.<init>(HikariPool.java:98)
	at com.zaxxer.hikari.HikariDataSource.getConnection(HikariDataSource.java:111)
	at liquibase.integration.spring.SpringLiquibase.lambda$afterPropertiesSet$0(SpringLiquibase.java:254)
	... 25 common frames omitted
Caused by: java.net.UnknownHostException: postgres1
	at java.base/sun.nio.ch.NioSocketImpl.connect(NioSocketImpl.java:572)
	at java.base/java.net.SocksSocketImpl.connect(SocksSocketImpl.java:327)
	at java.base/java.net.Socket.connect(Socket.java:633)
	at org.postgresql.core.PGStream.createSocket(PGStream.java:260)
	at org.postgresql.core.PGStream.<init>(PGStream.java:121)
	at org.postgresql.core.v3.ConnectionFactoryImpl.tryConnect(ConnectionFactoryImpl.java:140)
	at org.postgresql.core.v3.ConnectionFactoryImpl.openConnectionImpl(ConnectionFactoryImpl.java:268)
	... 37 common frames omitted
2025-07-08 22:11:19.377 [background-preinit] INFO  o.h.validator.internal.util.Version - HV000001: Hibernate Validator 8.0.1.Final
2025-07-08 22:11:19.430 [main] INFO  r.k.ClientModule.ClientModuleApp - Starting ClientModuleApp using Java 17.0.15 with PID 8704 (C:\Users\egor5\Desktop\OTUS\FitnessClub\ClientModule\target\classes started by egor5 in C:\Users\egor5\Desktop\OTUS\FitnessClub)
2025-07-08 22:11:19.431 [main] INFO  r.k.ClientModule.ClientModuleApp - No active profile set, falling back to 1 default profile: "default"
2025-07-08 22:11:20.506 [main] INFO  o.s.d.r.c.RepositoryConfigurationDelegate - Bootstrapping Spring Data JPA repositories in DEFAULT mode.
2025-07-08 22:11:20.568 [main] INFO  o.s.d.r.c.RepositoryConfigurationDelegate - Finished Spring Data repository scanning in 53 ms. Found 2 JPA repository interfaces.
2025-07-08 22:11:21.227 [main] INFO  o.s.b.w.e.tomcat.TomcatWebServer - Tomcat initialized with port 8081 (http)
2025-07-08 22:11:21.236 [main] INFO  o.a.coyote.http11.Http11NioProtocol - Initializing ProtocolHandler ["http-nio-8081"]
2025-07-08 22:11:21.237 [main] INFO  o.a.catalina.core.StandardService - Starting service [Tomcat]
2025-07-08 22:11:21.237 [main] INFO  o.a.catalina.core.StandardEngine - Starting Servlet engine: [Apache Tomcat/10.1.33]
2025-07-08 22:11:21.323 [main] INFO  o.a.c.c.C.[Tomcat].[localhost].[/] - Initializing Spring embedded WebApplicationContext
2025-07-08 22:11:21.323 [main] INFO  o.s.b.w.s.c.ServletWebServerApplicationContext - Root WebApplicationContext: initialization completed in 1855 ms
2025-07-08 22:11:21.725 [main] INFO  com.zaxxer.hikari.HikariDataSource - HikariPool-1 - Starting...
2025-07-08 22:11:22.749 [main] WARN  o.s.b.w.s.c.AnnotationConfigServletWebServerApplicationContext - Exception encountered during context initialization - cancelling refresh attempt: org.springframework.beans.factory.BeanCreationException: Error creating bean with name 'entityManagerFactory' defined in class path resource [org/springframework/boot/autoconfigure/orm/jpa/HibernateJpaConfiguration.class]: Failed to initialize dependency 'liquibase' of LoadTimeWeaverAware bean 'entityManagerFactory': Error creating bean with name 'liquibase' defined in class path resource [org/springframework/boot/autoconfigure/liquibase/LiquibaseAutoConfiguration$LiquibaseConfiguration.class]: liquibase.exception.DatabaseException: org.postgresql.util.PSQLException:    localhost:5432 .          postmaster  TCP/IP-.
2025-07-08 22:11:23.760 [main] WARN  z.r.i.AsyncReporter$BoundedAsyncReporter - Timed out waiting for in-flight spans to send
2025-07-08 22:11:23.762 [main] INFO  o.a.catalina.core.StandardService - Stopping service [Tomcat]
2025-07-08 22:11:23.764 [main] WARN  o.a.c.loader.WebappClassLoaderBase - The web application [ROOT] appears to have started a thread named [HttpClient-1-SelectorManager] but has failed to stop it. This is very likely to create a memory leak. Stack trace of thread:
 java.base@17.0.15/sun.nio.ch.WEPoll.wait(Native Method)
 java.base@17.0.15/sun.nio.ch.WEPollSelectorImpl.doSelect(WEPollSelectorImpl.java:111)
 java.base@17.0.15/sun.nio.ch.SelectorImpl.lockAndDoSelect(SelectorImpl.java:129)
 java.base@17.0.15/sun.nio.ch.SelectorImpl.select(SelectorImpl.java:141)
 platform/java.net.http@17.0.15/jdk.internal.net.http.HttpClientImpl$SelectorManager.run(HttpClientImpl.java:894)
2025-07-08 22:11:23.778 [main] INFO  o.s.b.a.l.ConditionEvaluationReportLogger - 

Error starting ApplicationContext. To display the condition evaluation report re-run your application with 'debug' enabled.
2025-07-08 22:11:23.791 [main] ERROR o.s.boot.SpringApplication - Application run failed
org.springframework.beans.factory.BeanCreationException: Error creating bean with name 'entityManagerFactory' defined in class path resource [org/springframework/boot/autoconfigure/orm/jpa/HibernateJpaConfiguration.class]: Failed to initialize dependency 'liquibase' of LoadTimeWeaverAware bean 'entityManagerFactory': Error creating bean with name 'liquibase' defined in class path resource [org/springframework/boot/autoconfigure/liquibase/LiquibaseAutoConfiguration$LiquibaseConfiguration.class]: liquibase.exception.DatabaseException: org.postgresql.util.PSQLException:    localhost:5432 .          postmaster  TCP/IP-.
	at org.springframework.beans.factory.support.AbstractBeanFactory.doGetBean(AbstractBeanFactory.java:325)
	at org.springframework.beans.factory.support.AbstractBeanFactory.getBean(AbstractBeanFactory.java:204)
	at org.springframework.context.support.AbstractApplicationContext.finishBeanFactoryInitialization(AbstractApplicationContext.java:970)
	at org.springframework.context.support.AbstractApplicationContext.refresh(AbstractApplicationContext.java:627)
	at org.springframework.boot.web.servlet.context.ServletWebServerApplicationContext.refresh(ServletWebServerApplicationContext.java:146)
	at org.springframework.boot.SpringApplication.refresh(SpringApplication.java:752)
	at org.springframework.boot.SpringApplication.refreshContext(SpringApplication.java:439)
	at org.springframework.boot.SpringApplication.run(SpringApplication.java:318)
	at org.springframework.boot.SpringApplication.run(SpringApplication.java:1361)
	at org.springframework.boot.SpringApplication.run(SpringApplication.java:1350)
	at ru.khaziev.ClientModule.ClientModuleApp.main(ClientModuleApp.java:10)
Caused by: org.springframework.beans.factory.BeanCreationException: Error creating bean with name 'liquibase' defined in class path resource [org/springframework/boot/autoconfigure/liquibase/LiquibaseAutoConfiguration$LiquibaseConfiguration.class]: liquibase.exception.DatabaseException: org.postgresql.util.PSQLException:    localhost:5432 .          postmaster  TCP/IP-.
	at org.springframework.beans.factory.support.AbstractAutowireCapableBeanFactory.initializeBean(AbstractAutowireCapableBeanFactory.java:1802)
	at org.springframework.beans.factory.support.AbstractAutowireCapableBeanFactory.doCreateBean(AbstractAutowireCapableBeanFactory.java:601)
	at org.springframework.beans.factory.support.AbstractAutowireCapableBeanFactory.createBean(AbstractAutowireCapableBeanFactory.java:523)
	at org.springframework.beans.factory.support.AbstractBeanFactory.lambda$doGetBean$0(AbstractBeanFactory.java:336)
	at org.springframework.beans.factory.support.DefaultSingletonBeanRegistry.getSingleton(DefaultSingletonBeanRegistry.java:288)
	at org.springframework.beans.factory.support.AbstractBeanFactory.doGetBean(AbstractBeanFactory.java:334)
	at org.springframework.beans.factory.support.AbstractBeanFactory.getBean(AbstractBeanFactory.java:199)
	at org.springframework.beans.factory.support.AbstractBeanFactory.doGetBean(AbstractBeanFactory.java:312)
	... 10 common frames omitted
Caused by: liquibase.exception.UnexpectedLiquibaseException: liquibase.exception.DatabaseException: org.postgresql.util.PSQLException:    localhost:5432 .          postmaster  TCP/IP-.
	at liquibase.integration.spring.SpringLiquibase.afterPropertiesSet(SpringLiquibase.java:267)
	at org.springframework.beans.factory.support.AbstractAutowireCapableBeanFactory.invokeInitMethods(AbstractAutowireCapableBeanFactory.java:1849)
	at org.springframework.beans.factory.support.AbstractAutowireCapableBeanFactory.initializeBean(AbstractAutowireCapableBeanFactory.java:1798)
	... 17 common frames omitted
Caused by: liquibase.exception.DatabaseException: org.postgresql.util.PSQLException:    localhost:5432 .          postmaster  TCP/IP-.
	at liquibase.integration.spring.SpringLiquibase.lambda$afterPropertiesSet$0(SpringLiquibase.java:259)
	at liquibase.Scope.lambda$child$0(Scope.java:191)
	at liquibase.Scope.child(Scope.java:200)
	at liquibase.Scope.child(Scope.java:190)
	at liquibase.Scope.child(Scope.java:169)
	at liquibase.Scope.child(Scope.java:257)
	at liquibase.integration.spring.SpringLiquibase.afterPropertiesSet(SpringLiquibase.java:250)
	... 19 common frames omitted
Caused by: org.postgresql.util.PSQLException:    localhost:5432 .          postmaster  TCP/IP-.
	at org.postgresql.core.v3.ConnectionFactoryImpl.openConnectionImpl(ConnectionFactoryImpl.java:352)
	at org.postgresql.core.ConnectionFactory.openConnection(ConnectionFactory.java:54)
	at org.postgresql.jdbc.PgConnection.<init>(PgConnection.java:273)
	at org.postgresql.Driver.makeConnection(Driver.java:446)
	at org.postgresql.Driver.connect(Driver.java:298)
	at com.zaxxer.hikari.util.DriverDataSource.getConnection(DriverDataSource.java:137)
	at com.zaxxer.hikari.pool.PoolBase.newConnection(PoolBase.java:360)
	at com.zaxxer.hikari.pool.PoolBase.newPoolEntry(PoolBase.java:202)
	at com.zaxxer.hikari.pool.HikariPool.createPoolEntry(HikariPool.java:461)
	at com.zaxxer.hikari.pool.HikariPool.checkFailFast(HikariPool.java:550)
	at com.zaxxer.hikari.pool.HikariPool.<init>(HikariPool.java:98)
	at com.zaxxer.hikari.HikariDataSource.getConnection(HikariDataSource.java:111)
	at liquibase.integration.spring.SpringLiquibase.lambda$afterPropertiesSet$0(SpringLiquibase.java:254)
	... 25 common frames omitted
Caused by: java.net.ConnectException: Connection refused: getsockopt
	at java.base/sun.nio.ch.Net.pollConnect(Native Method)
	at java.base/sun.nio.ch.Net.pollConnectNow(Net.java:672)
	at java.base/sun.nio.ch.NioSocketImpl.timedFinishConnect(NioSocketImpl.java:547)
	at java.base/sun.nio.ch.NioSocketImpl.connect(NioSocketImpl.java:602)
	at java.base/java.net.SocksSocketImpl.connect(SocksSocketImpl.java:327)
	at java.base/java.net.Socket.connect(Socket.java:633)
	at org.postgresql.core.PGStream.createSocket(PGStream.java:260)
	at org.postgresql.core.PGStream.<init>(PGStream.java:121)
	at org.postgresql.core.v3.ConnectionFactoryImpl.tryConnect(ConnectionFactoryImpl.java:140)
	at org.postgresql.core.v3.ConnectionFactoryImpl.openConnectionImpl(ConnectionFactoryImpl.java:268)
	... 37 common frames omitted
2025-07-08 22:12:48.015 [background-preinit] INFO  o.h.validator.internal.util.Version - HV000001: Hibernate Validator 8.0.1.Final
2025-07-08 22:12:48.066 [main] INFO  r.k.ClientModule.ClientModuleApp - Starting ClientModuleApp using Java 17.0.15 with PID 32248 (C:\Users\egor5\Desktop\OTUS\FitnessClub\ClientModule\target\classes started by egor5 in C:\Users\egor5\Desktop\OTUS\FitnessClub)
2025-07-08 22:12:48.067 [main] INFO  r.k.ClientModule.ClientModuleApp - No active profile set, falling back to 1 default profile: "default"
2025-07-08 22:12:49.016 [main] INFO  o.s.d.r.c.RepositoryConfigurationDelegate - Bootstrapping Spring Data JPA repositories in DEFAULT mode.
2025-07-08 22:12:49.074 [main] INFO  o.s.d.r.c.RepositoryConfigurationDelegate - Finished Spring Data repository scanning in 49 ms. Found 2 JPA repository interfaces.
2025-07-08 22:12:49.607 [main] INFO  o.s.b.w.e.tomcat.TomcatWebServer - Tomcat initialized with port 8081 (http)
2025-07-08 22:12:49.616 [main] INFO  o.a.coyote.http11.Http11NioProtocol - Initializing ProtocolHandler ["http-nio-8081"]
2025-07-08 22:12:49.617 [main] INFO  o.a.catalina.core.StandardService - Starting service [Tomcat]
2025-07-08 22:12:49.617 [main] INFO  o.a.catalina.core.StandardEngine - Starting Servlet engine: [Apache Tomcat/10.1.33]
2025-07-08 22:12:49.691 [main] INFO  o.a.c.c.C.[Tomcat].[localhost].[/] - Initializing Spring embedded WebApplicationContext
2025-07-08 22:12:49.691 [main] INFO  o.s.b.w.s.c.ServletWebServerApplicationContext - Root WebApplicationContext: initialization completed in 1586 ms
2025-07-08 22:12:50.114 [main] INFO  com.zaxxer.hikari.HikariDataSource - HikariPool-1 - Starting...
2025-07-08 22:12:50.258 [main] INFO  com.zaxxer.hikari.pool.HikariPool - HikariPool-1 - Added connection org.postgresql.jdbc.PgConnection@7b8cb283
2025-07-08 22:12:50.260 [main] INFO  com.zaxxer.hikari.HikariDataSource - HikariPool-1 - Start completed.
2025-07-08 22:12:50.360 [main] INFO  liquibase.database - Set default schema name to public
2025-07-08 22:12:50.599 [main] INFO  liquibase.changelog - Reading from public.databasechangelog
2025-07-08 22:12:50.708 [main] INFO  liquibase.lockservice - Successfully acquired change log lock
2025-07-08 22:12:50.709 [main] INFO  liquibase.command - Using deploymentId: 1991170709
2025-07-08 22:12:50.711 [main] INFO  liquibase.changelog - Reading from public.databasechangelog
2025-07-08 22:12:50.729 [main] INFO  liquibase.ui - Running Changeset: db.changelog-client-module.yml::create-clients-table::Khegory
2025-07-08 22:12:50.744 [main] INFO  liquibase.changelog - Table clients created
2025-07-08 22:12:50.748 [main] INFO  liquibase.changelog - Index idx_clients_phone_number_unique created
2025-07-08 22:12:50.750 [main] INFO  liquibase.changelog - Index idx_clients_telegram_unique created
2025-07-08 22:12:50.752 [main] INFO  liquibase.changelog - ChangeSet db.changelog-client-module.yml::create-clients-table::Khegory ran successfully in 22ms
2025-07-08 22:12:50.757 [main] INFO  liquibase.ui - Running Changeset: db.changelog-client-module.yml::create-payments-table::Khegory
2025-07-08 22:12:50.763 [main] INFO  liquibase.changelog - Table payments created
2025-07-08 22:12:50.764 [main] INFO  liquibase.changelog - ChangeSet db.changelog-client-module.yml::create-payments-table::Khegory ran successfully in 7ms
2025-07-08 22:12:50.767 [main] INFO  liquibase.ui - Running Changeset: db.changelog-client-module.yml::fk_payments_clients::Khegory
2025-07-08 22:12:50.770 [main] INFO  liquibase.changelog - Foreign key constraint added to payments (client_id)
2025-07-08 22:12:50.772 [main] INFO  liquibase.changelog - ChangeSet db.changelog-client-module.yml::fk_payments_clients::Khegory ran successfully in 4ms
2025-07-08 22:12:50.775 [main] INFO  liquibase.ui - Running Changeset: db.changelog-client-module.yml::clients_seq::Khegory
2025-07-08 22:12:50.777 [main] INFO  liquibase.changelog - Sequence clients_seq created
2025-07-08 22:12:50.779 [main] INFO  liquibase.changelog - ChangeSet db.changelog-client-module.yml::clients_seq::Khegory ran successfully in 3ms
2025-07-08 22:12:50.781 [main] INFO  liquibase.ui - Running Changeset: db.changelog-client-module.yml::payments_seq::Khegory
2025-07-08 22:12:50.783 [main] INFO  liquibase.changelog - Sequence payments_seq created
2025-07-08 22:12:50.785 [main] INFO  liquibase.changelog - ChangeSet db.changelog-client-module.yml::payments_seq::Khegory ran successfully in 4ms
2025-07-08 22:12:50.789 [main] INFO  liquibase.ui - Running Changeset: db.changelog-client-module.yml::insert-test-data-clients::Khegory
2025-07-08 22:12:50.791 [main] INFO  liquibase.changelog - New row inserted into clients
2025-07-08 22:12:50.793 [main] INFO  liquibase.changelog - New row inserted into clients
2025-07-08 22:12:50.794 [main] INFO  liquibase.changelog - New row inserted into clients
2025-07-08 22:12:50.795 [main] INFO  liquibase.changelog - New row inserted into clients
2025-07-08 22:12:50.797 [main] INFO  liquibase.changelog - ChangeSet db.changelog-client-module.yml::insert-test-data-clients::Khegory ran successfully in 6ms
2025-07-08 22:12:50.800 [main] INFO  liquibase.ui - Running Changeset: db.changelog-client-module.yml::insert-test-data-payments::Khegory
2025-07-08 22:12:50.802 [main] INFO  liquibase.changelog - New row inserted into payments
2025-07-08 22:12:50.804 [main] INFO  liquibase.changelog - New row inserted into payments
2025-07-08 22:12:50.805 [main] INFO  liquibase.changelog - New row inserted into payments
2025-07-08 22:12:50.807 [main] INFO  liquibase.changelog - New row inserted into payments
2025-07-08 22:12:50.808 [main] INFO  liquibase.changelog - ChangeSet db.changelog-client-module.yml::insert-test-data-payments::Khegory ran successfully in 8ms
2025-07-08 22:12:50.815 [main] INFO  liquibase.util - UPDATE SUMMARY
2025-07-08 22:12:50.815 [main] INFO  liquibase.util - Run:                          7
2025-07-08 22:12:50.815 [main] INFO  liquibase.util - Previously run:               0
2025-07-08 22:12:50.815 [main] INFO  liquibase.util - Filtered out:                 0
2025-07-08 22:12:50.815 [main] INFO  liquibase.util - -------------------------------
2025-07-08 22:12:50.815 [main] INFO  liquibase.util - Total change sets:            7
2025-07-08 22:12:50.815 [main] INFO  liquibase.util - Update summary generated
2025-07-08 22:12:50.817 [main] INFO  liquibase.command - Update command completed successfully.
2025-07-08 22:12:50.817 [main] INFO  liquibase.ui - Liquibase: Update has been successful. Rows affected: 15
2025-07-08 22:12:50.821 [main] INFO  liquibase.lockservice - Successfully released change log lock
2025-07-08 22:12:50.823 [main] INFO  liquibase.command - Command execution complete
2025-07-08 22:12:50.893 [main] INFO  o.h.jpa.internal.util.LogHelper - HHH000204: Processing PersistenceUnitInfo [name: default]
2025-07-08 22:12:50.941 [main] INFO  org.hibernate.Version - HHH000412: Hibernate ORM core version 6.6.2.Final
2025-07-08 22:12:50.968 [main] INFO  o.h.c.i.RegionFactoryInitiator - HHH000026: Second-level cache disabled
2025-07-08 22:12:51.206 [main] INFO  o.s.o.j.p.SpringPersistenceUnitInfo - No LoadTimeWeaver setup: ignoring JPA class transformer
2025-07-08 22:12:51.245 [main] WARN  org.hibernate.orm.deprecation - HHH90000025: PostgreSQLDialect does not need to be specified explicitly using 'hibernate.dialect' (remove the property setting and it will be selected by default)
2025-07-08 22:12:51.258 [main] INFO  o.hibernate.orm.connections.pooling - HHH10001005: Database info:
	Database JDBC URL [Connecting through datasource 'HikariDataSource (HikariPool-1)']
	Database driver: undefined/unknown
	Database version: 15.13
	Autocommit mode: undefined/unknown
	Isolation level: undefined/unknown
	Minimum pool size: undefined/unknown
	Maximum pool size: undefined/unknown
2025-07-08 22:12:51.952 [main] INFO  o.h.e.t.j.p.i.JtaPlatformInitiator - HHH000489: No JTA platform available (set 'hibernate.transaction.jta.platform' to enable JTA platform integration)
2025-07-08 22:12:51.954 [main] INFO  o.s.o.j.LocalContainerEntityManagerFactoryBean - Initialized JPA EntityManagerFactory for persistence unit 'default'
2025-07-08 22:12:52.294 [main] WARN  o.s.b.a.o.j.JpaBaseConfiguration$JpaWebConfiguration - spring.jpa.open-in-view is enabled by default. Therefore, database queries may be performed during view rendering. Explicitly configure spring.jpa.open-in-view to disable this warning
2025-07-08 22:12:52.911 [main] INFO  o.s.b.a.e.web.EndpointLinksResolver - Exposing 15 endpoints beneath base path '/actuator'
2025-07-08 22:12:52.974 [main] INFO  o.a.coyote.http11.Http11NioProtocol - Starting ProtocolHandler ["http-nio-8081"]
2025-07-08 22:12:52.982 [main] INFO  o.s.b.w.e.tomcat.TomcatWebServer - Tomcat started on port 8081 (http) with context path '/'
2025-07-08 22:12:52.995 [main] INFO  r.k.ClientModule.ClientModuleApp - Started ClientModuleApp in 5.525 seconds (process running for 6.224)
2025-07-08 22:12:53.575 [RMI TCP Connection(2)-172.27.89.126] INFO  o.a.c.c.C.[Tomcat].[localhost].[/] - Initializing Spring DispatcherServlet 'dispatcherServlet'
2025-07-08 22:12:53.575 [RMI TCP Connection(2)-172.27.89.126] INFO  o.s.web.servlet.DispatcherServlet - Initializing Servlet 'dispatcherServlet'
2025-07-08 22:12:53.576 [RMI TCP Connection(2)-172.27.89.126] INFO  o.s.web.servlet.DispatcherServlet - Completed initialization in 1 ms
2025-07-08 22:13:34.839 [http-nio-8081-exec-1] INFO  r.k.C.controller.ClientController - GetAllClients
