2025-07-05 23:56:09.069 [main] INFO  r.khaziev.ClientModule.ClientModule - Starting ClientModule using Java 17.0.15 with PID 5064 (C:\Users\egor5\Desktop\OTUS\FitnessClub\ClientModule\target\classes started by egor5 in C:\Users\egor5\Desktop\OTUS\FitnessClub)
2025-07-05 23:56:09.070 [main] INFO  r.khaziev.ClientModule.ClientModule - No active profile set, falling back to 1 default profile: "default"
2025-07-05 23:56:09.562 [main] INFO  o.s.d.r.c.RepositoryConfigurationDelegate - Bootstrapping Spring Data JPA repositories in DEFAULT mode.
2025-07-05 23:56:09.606 [main] INFO  o.s.d.r.c.RepositoryConfigurationDelegate - Finished Spring Data repository scanning in 37 ms. Found 2 JPA repository interfaces.
2025-07-05 23:56:09.939 [main] INFO  o.s.b.w.e.tomcat.TomcatWebServer - Tomcat initialized with port 8081 (http)
2025-07-05 23:56:09.946 [main] INFO  o.a.coyote.http11.Http11NioProtocol - Initializing ProtocolHandler ["http-nio-8081"]
2025-07-05 23:56:09.947 [main] INFO  o.a.catalina.core.StandardService - Starting service [Tomcat]
2025-07-05 23:56:09.947 [main] INFO  o.a.catalina.core.StandardEngine - Starting Servlet engine: [Apache Tomcat/10.1.33]
2025-07-05 23:56:10.011 [main] INFO  o.a.c.c.C.[Tomcat].[localhost].[/] - Initializing Spring embedded WebApplicationContext
2025-07-05 23:56:10.011 [main] INFO  o.s.b.w.s.c.ServletWebServerApplicationContext - Root WebApplicationContext: initialization completed in 915 ms
2025-07-05 23:56:10.027 [main] INFO  com.zaxxer.hikari.HikariDataSource - HikariPool-1 - Starting...
2025-07-05 23:56:10.167 [main] INFO  com.zaxxer.hikari.pool.HikariPool - HikariPool-1 - Added connection conn0: url=jdbc:h2:mem:testdb user=SA
2025-07-05 23:56:10.168 [main] INFO  com.zaxxer.hikari.HikariDataSource - HikariPool-1 - Start completed.
2025-07-05 23:56:10.176 [main] INFO  o.s.b.a.h.H2ConsoleAutoConfiguration - H2 console available at '/h2-console'. Database available at 'jdbc:h2:mem:testdb'
2025-07-05 23:56:10.282 [main] INFO  liquibase.database - Set default schema name to PUBLIC
2025-07-05 23:56:10.480 [main] INFO  liquibase.changelog - Creating database history table with name: PUBLIC.DATABASECHANGELOG
2025-07-05 23:56:10.545 [main] INFO  liquibase.changelog - Reading from PUBLIC.DATABASECHANGELOG
2025-07-05 23:56:10.612 [main] INFO  liquibase.lockservice - Successfully acquired change log lock
2025-07-05 23:56:10.612 [main] INFO  liquibase.command - Using deploymentId: 1738170612
2025-07-05 23:56:10.613 [main] INFO  liquibase.changelog - Reading from PUBLIC.DATABASECHANGELOG
2025-07-05 23:56:10.633 [main] INFO  liquibase.ui - Running Changeset: db.changelog-client-module.yml::create-clients-table::Khegory
2025-07-05 23:56:10.637 [main] INFO  liquibase.changelog - Table Clients created
2025-07-05 23:56:10.638 [main] INFO  liquibase.changelog - Index idx_clients_phone_number_unique created
2025-07-05 23:56:10.639 [main] INFO  liquibase.changelog - Index idx_clients_telegram_unique created
2025-07-05 23:56:10.639 [main] INFO  liquibase.changelog - ChangeSet db.changelog-client-module.yml::create-clients-table::Khegory ran successfully in 5ms
2025-07-05 23:56:10.643 [main] INFO  liquibase.ui - Running Changeset: db.changelog-client-module.yml::create-payments-table::Khegory
2025-07-05 23:56:10.644 [main] INFO  liquibase.changelog - Table Payments created
2025-07-05 23:56:10.644 [main] INFO  liquibase.changelog - ChangeSet db.changelog-client-module.yml::create-payments-table::Khegory ran successfully in 1ms
2025-07-05 23:56:10.645 [main] INFO  liquibase.ui - Running Changeset: db.changelog-client-module.yml::fk_payments_clients::Khegory
2025-07-05 23:56:10.649 [main] INFO  liquibase.changelog - Foreign key constraint added to Payments (client_id)
2025-07-05 23:56:10.649 [main] INFO  liquibase.changelog - ChangeSet db.changelog-client-module.yml::fk_payments_clients::Khegory ran successfully in 4ms
2025-07-05 23:56:10.650 [main] INFO  liquibase.ui - Running Changeset: db.changelog-client-module.yml::clients_seq::Khegory
2025-07-05 23:56:10.651 [main] INFO  liquibase.changelog - Sequence clients_seq created
2025-07-05 23:56:10.651 [main] INFO  liquibase.changelog - ChangeSet db.changelog-client-module.yml::clients_seq::Khegory ran successfully in 1ms
2025-07-05 23:56:10.652 [main] INFO  liquibase.ui - Running Changeset: db.changelog-client-module.yml::payments_seq::Khegory
2025-07-05 23:56:10.652 [main] INFO  liquibase.changelog - Sequence payments_seq created
2025-07-05 23:56:10.652 [main] INFO  liquibase.changelog - ChangeSet db.changelog-client-module.yml::payments_seq::Khegory ran successfully in 0ms
2025-07-05 23:56:10.654 [main] INFO  liquibase.ui - Running Changeset: db.changelog-client-module.yml::insert-test-data-clients::Khegory
2025-07-05 23:56:10.656 [main] INFO  liquibase.changelog - New row inserted into Clients
2025-07-05 23:56:10.656 [main] INFO  liquibase.changelog - New row inserted into Clients
2025-07-05 23:56:10.657 [main] INFO  liquibase.changelog - New row inserted into Clients
2025-07-05 23:56:10.658 [main] INFO  liquibase.changelog - New row inserted into Clients
2025-07-05 23:56:10.658 [main] INFO  liquibase.changelog - ChangeSet db.changelog-client-module.yml::insert-test-data-clients::Khegory ran successfully in 3ms
2025-07-05 23:56:10.660 [main] INFO  liquibase.ui - Running Changeset: db.changelog-client-module.yml::insert-test-data-payments::Khegory
2025-07-05 23:56:10.660 [main] INFO  liquibase.changelog - New row inserted into Payments
2025-07-05 23:56:10.661 [main] INFO  liquibase.changelog - New row inserted into Payments
2025-07-05 23:56:10.661 [main] INFO  liquibase.changelog - New row inserted into Payments
2025-07-05 23:56:10.662 [main] INFO  liquibase.changelog - New row inserted into Payments
2025-07-05 23:56:10.662 [main] INFO  liquibase.changelog - ChangeSet db.changelog-client-module.yml::insert-test-data-payments::Khegory ran successfully in 2ms
2025-07-05 23:56:10.666 [main] INFO  liquibase.util - UPDATE SUMMARY
2025-07-05 23:56:10.666 [main] INFO  liquibase.util - Run:                          7
2025-07-05 23:56:10.666 [main] INFO  liquibase.util - Previously run:               0
2025-07-05 23:56:10.666 [main] INFO  liquibase.util - Filtered out:                 0
2025-07-05 23:56:10.666 [main] INFO  liquibase.util - -------------------------------
2025-07-05 23:56:10.666 [main] INFO  liquibase.util - Total change sets:            7
2025-07-05 23:56:10.667 [main] INFO  liquibase.util - Update summary generated
2025-07-05 23:56:10.668 [main] INFO  liquibase.command - Update command completed successfully.
2025-07-05 23:56:10.668 [main] INFO  liquibase.ui - Liquibase: Update has been successful. Rows affected: 15
2025-07-05 23:56:10.669 [main] INFO  liquibase.lockservice - Successfully released change log lock
2025-07-05 23:56:10.670 [main] INFO  liquibase.command - Command execution complete
2025-07-05 23:56:10.726 [main] INFO  o.h.jpa.internal.util.LogHelper - HHH000204: Processing PersistenceUnitInfo [name: default]
2025-07-05 23:56:10.771 [main] INFO  org.hibernate.Version - HHH000412: Hibernate ORM core version 6.6.2.Final
2025-07-05 23:56:10.796 [main] INFO  o.h.c.i.RegionFactoryInitiator - HHH000026: Second-level cache disabled
2025-07-05 23:56:11.010 [main] INFO  o.s.o.j.p.SpringPersistenceUnitInfo - No LoadTimeWeaver setup: ignoring JPA class transformer
2025-07-05 23:56:11.045 [main] WARN  org.hibernate.orm.deprecation - HHH90000025: H2Dialect does not need to be specified explicitly using 'hibernate.dialect' (remove the property setting and it will be selected by default)
2025-07-05 23:56:11.056 [main] INFO  o.hibernate.orm.connections.pooling - HHH10001005: Database info:
	Database JDBC URL [Connecting through datasource 'HikariDataSource (HikariPool-1)']
	Database driver: undefined/unknown
	Database version: 2.3.232
	Autocommit mode: undefined/unknown
	Isolation level: undefined/unknown
	Minimum pool size: undefined/unknown
	Maximum pool size: undefined/unknown
2025-07-05 23:56:11.679 [main] INFO  o.h.e.t.j.p.i.JtaPlatformInitiator - HHH000489: No JTA platform available (set 'hibernate.transaction.jta.platform' to enable JTA platform integration)
2025-07-05 23:56:11.681 [main] INFO  o.s.o.j.LocalContainerEntityManagerFactoryBean - Initialized JPA EntityManagerFactory for persistence unit 'default'
2025-07-05 23:56:12.006 [main] WARN  o.s.b.a.o.j.JpaBaseConfiguration$JpaWebConfiguration - spring.jpa.open-in-view is enabled by default. Therefore, database queries may be performed during view rendering. Explicitly configure spring.jpa.open-in-view to disable this warning
2025-07-05 23:56:12.260 [main] INFO  o.a.coyote.http11.Http11NioProtocol - Starting ProtocolHandler ["http-nio-8081"]
2025-07-05 23:56:12.273 [main] INFO  o.s.b.w.e.tomcat.TomcatWebServer - Tomcat started on port 8081 (http) with context path '/'
2025-07-05 23:56:12.279 [main] INFO  r.khaziev.ClientModule.ClientModule - Started ClientModule in 3.641 seconds (process running for 4.079)
2025-07-05 23:56:26.737 [SpringApplicationShutdownHook] INFO  o.s.b.w.e.tomcat.GracefulShutdown - Commencing graceful shutdown. Waiting for active requests to complete
2025-07-05 23:56:27.030 [tomcat-shutdown] INFO  o.s.b.w.e.tomcat.GracefulShutdown - Graceful shutdown complete
2025-07-05 23:56:27.033 [SpringApplicationShutdownHook] INFO  o.s.o.j.LocalContainerEntityManagerFactoryBean - Closing JPA EntityManagerFactory for persistence unit 'default'
2025-07-05 23:56:27.034 [SpringApplicationShutdownHook] INFO  com.zaxxer.hikari.HikariDataSource - HikariPool-1 - Shutdown initiated...
2025-07-05 23:56:27.036 [SpringApplicationShutdownHook] INFO  com.zaxxer.hikari.HikariDataSource - HikariPool-1 - Shutdown completed.
2025-07-05 23:56:54.096 [main] INFO  r.khaziev.ClientModule.ClientModule - Starting ClientModule using Java 17.0.15 with PID 25120 (C:\Users\egor5\Desktop\OTUS\FitnessClub\ClientModule\target\classes started by egor5 in C:\Users\egor5\Desktop\OTUS\FitnessClub)
2025-07-05 23:56:54.098 [main] INFO  r.khaziev.ClientModule.ClientModule - No active profile set, falling back to 1 default profile: "default"
2025-07-05 23:56:54.785 [main] INFO  o.s.d.r.c.RepositoryConfigurationDelegate - Bootstrapping Spring Data JPA repositories in DEFAULT mode.
2025-07-05 23:56:54.850 [main] INFO  o.s.d.r.c.RepositoryConfigurationDelegate - Finished Spring Data repository scanning in 56 ms. Found 2 JPA repository interfaces.
2025-07-05 23:56:55.396 [main] INFO  o.s.b.w.e.tomcat.TomcatWebServer - Tomcat initialized with port 8081 (http)
2025-07-05 23:56:55.408 [main] INFO  o.a.coyote.http11.Http11NioProtocol - Initializing ProtocolHandler ["http-nio-8081"]
2025-07-05 23:56:55.409 [main] INFO  o.a.catalina.core.StandardService - Starting service [Tomcat]
2025-07-05 23:56:55.409 [main] INFO  o.a.catalina.core.StandardEngine - Starting Servlet engine: [Apache Tomcat/10.1.33]
2025-07-05 23:56:55.510 [main] INFO  o.a.c.c.C.[Tomcat].[localhost].[/] - Initializing Spring embedded WebApplicationContext
2025-07-05 23:56:55.511 [main] INFO  o.s.b.w.s.c.ServletWebServerApplicationContext - Root WebApplicationContext: initialization completed in 1380 ms
2025-07-05 23:56:55.535 [main] INFO  com.zaxxer.hikari.HikariDataSource - HikariPool-1 - Starting...
2025-07-05 23:56:55.738 [main] INFO  com.zaxxer.hikari.pool.HikariPool - HikariPool-1 - Added connection conn0: url=jdbc:h2:mem:testdb user=SA
2025-07-05 23:56:55.739 [main] INFO  com.zaxxer.hikari.HikariDataSource - HikariPool-1 - Start completed.
2025-07-05 23:56:55.747 [main] INFO  o.s.b.a.h.H2ConsoleAutoConfiguration - H2 console available at '/h2-console'. Database available at 'jdbc:h2:mem:testdb'
2025-07-05 23:56:55.903 [main] INFO  liquibase.database - Set default schema name to PUBLIC
2025-07-05 23:56:56.130 [main] INFO  liquibase.changelog - Creating database history table with name: PUBLIC.DATABASECHANGELOG
2025-07-05 23:56:56.221 [main] INFO  liquibase.changelog - Reading from PUBLIC.DATABASECHANGELOG
2025-07-05 23:56:56.303 [main] INFO  liquibase.lockservice - Successfully acquired change log lock
2025-07-05 23:56:56.304 [main] INFO  liquibase.command - Using deploymentId: 1738216304
2025-07-05 23:56:56.305 [main] INFO  liquibase.changelog - Reading from PUBLIC.DATABASECHANGELOG
2025-07-05 23:56:56.331 [main] INFO  liquibase.ui - Running Changeset: db.changelog-client-module.yml::create-clients-table::Khegory
2025-07-05 23:56:56.335 [main] INFO  liquibase.changelog - Table Clients created
2025-07-05 23:56:56.337 [main] INFO  liquibase.changelog - Index idx_clients_phone_number_unique created
2025-07-05 23:56:56.337 [main] INFO  liquibase.changelog - Index idx_clients_telegram_unique created
2025-07-05 23:56:56.338 [main] INFO  liquibase.changelog - ChangeSet db.changelog-client-module.yml::create-clients-table::Khegory ran successfully in 6ms
2025-07-05 23:56:56.342 [main] INFO  liquibase.ui - Running Changeset: db.changelog-client-module.yml::create-payments-table::Khegory
2025-07-05 23:56:56.344 [main] INFO  liquibase.changelog - Table Payments created
2025-07-05 23:56:56.344 [main] INFO  liquibase.changelog - ChangeSet db.changelog-client-module.yml::create-payments-table::Khegory ran successfully in 2ms
2025-07-05 23:56:56.345 [main] INFO  liquibase.ui - Running Changeset: db.changelog-client-module.yml::fk_payments_clients::Khegory
2025-07-05 23:56:56.349 [main] INFO  liquibase.changelog - Foreign key constraint added to Payments (client_id)
2025-07-05 23:56:56.349 [main] INFO  liquibase.changelog - ChangeSet db.changelog-client-module.yml::fk_payments_clients::Khegory ran successfully in 4ms
2025-07-05 23:56:56.351 [main] INFO  liquibase.ui - Running Changeset: db.changelog-client-module.yml::clients_seq::Khegory
2025-07-05 23:56:56.352 [main] INFO  liquibase.changelog - Sequence clients_seq created
2025-07-05 23:56:56.352 [main] INFO  liquibase.changelog - ChangeSet db.changelog-client-module.yml::clients_seq::Khegory ran successfully in 1ms
2025-07-05 23:56:56.353 [main] INFO  liquibase.ui - Running Changeset: db.changelog-client-module.yml::payments_seq::Khegory
2025-07-05 23:56:56.353 [main] INFO  liquibase.changelog - Sequence payments_seq created
2025-07-05 23:56:56.354 [main] INFO  liquibase.changelog - ChangeSet db.changelog-client-module.yml::payments_seq::Khegory ran successfully in 0ms
2025-07-05 23:56:56.356 [main] INFO  liquibase.ui - Running Changeset: db.changelog-client-module.yml::insert-test-data-clients::Khegory
2025-07-05 23:56:56.357 [main] INFO  liquibase.changelog - New row inserted into Clients
2025-07-05 23:56:56.358 [main] INFO  liquibase.changelog - New row inserted into Clients
2025-07-05 23:56:56.359 [main] INFO  liquibase.changelog - New row inserted into Clients
2025-07-05 23:56:56.359 [main] INFO  liquibase.changelog - New row inserted into Clients
2025-07-05 23:56:56.360 [main] INFO  liquibase.changelog - ChangeSet db.changelog-client-module.yml::insert-test-data-clients::Khegory ran successfully in 4ms
2025-07-05 23:56:56.362 [main] INFO  liquibase.ui - Running Changeset: db.changelog-client-module.yml::insert-test-data-payments::Khegory
2025-07-05 23:56:56.362 [main] INFO  liquibase.changelog - New row inserted into Payments
2025-07-05 23:56:56.363 [main] INFO  liquibase.changelog - New row inserted into Payments
2025-07-05 23:56:56.363 [main] INFO  liquibase.changelog - New row inserted into Payments
2025-07-05 23:56:56.364 [main] INFO  liquibase.changelog - New row inserted into Payments
2025-07-05 23:56:56.364 [main] INFO  liquibase.changelog - ChangeSet db.changelog-client-module.yml::insert-test-data-payments::Khegory ran successfully in 2ms
2025-07-05 23:56:56.368 [main] INFO  liquibase.util - UPDATE SUMMARY
2025-07-05 23:56:56.369 [main] INFO  liquibase.util - Run:                          7
2025-07-05 23:56:56.369 [main] INFO  liquibase.util - Previously run:               0
2025-07-05 23:56:56.369 [main] INFO  liquibase.util - Filtered out:                 0
2025-07-05 23:56:56.369 [main] INFO  liquibase.util - -------------------------------
2025-07-05 23:56:56.369 [main] INFO  liquibase.util - Total change sets:            7
2025-07-05 23:56:56.369 [main] INFO  liquibase.util - Update summary generated
2025-07-05 23:56:56.371 [main] INFO  liquibase.command - Update command completed successfully.
2025-07-05 23:56:56.371 [main] INFO  liquibase.ui - Liquibase: Update has been successful. Rows affected: 15
2025-07-05 23:56:56.372 [main] INFO  liquibase.lockservice - Successfully released change log lock
2025-07-05 23:56:56.372 [main] INFO  liquibase.command - Command execution complete
2025-07-05 23:56:56.429 [main] INFO  o.h.jpa.internal.util.LogHelper - HHH000204: Processing PersistenceUnitInfo [name: default]
2025-07-05 23:56:56.479 [main] INFO  org.hibernate.Version - HHH000412: Hibernate ORM core version 6.6.2.Final
2025-07-05 23:56:56.512 [main] INFO  o.h.c.i.RegionFactoryInitiator - HHH000026: Second-level cache disabled
2025-07-05 23:56:56.777 [main] INFO  o.s.o.j.p.SpringPersistenceUnitInfo - No LoadTimeWeaver setup: ignoring JPA class transformer
2025-07-05 23:56:56.817 [main] WARN  org.hibernate.orm.deprecation - HHH90000025: H2Dialect does not need to be specified explicitly using 'hibernate.dialect' (remove the property setting and it will be selected by default)
2025-07-05 23:56:56.831 [main] INFO  o.hibernate.orm.connections.pooling - HHH10001005: Database info:
	Database JDBC URL [Connecting through datasource 'HikariDataSource (HikariPool-1)']
	Database driver: undefined/unknown
	Database version: 2.3.232
	Autocommit mode: undefined/unknown
	Isolation level: undefined/unknown
	Minimum pool size: undefined/unknown
	Maximum pool size: undefined/unknown
2025-07-05 23:56:57.554 [main] INFO  o.h.e.t.j.p.i.JtaPlatformInitiator - HHH000489: No JTA platform available (set 'hibernate.transaction.jta.platform' to enable JTA platform integration)
2025-07-05 23:56:57.557 [main] INFO  o.s.o.j.LocalContainerEntityManagerFactoryBean - Initialized JPA EntityManagerFactory for persistence unit 'default'
2025-07-05 23:56:57.956 [main] WARN  o.s.b.a.o.j.JpaBaseConfiguration$JpaWebConfiguration - spring.jpa.open-in-view is enabled by default. Therefore, database queries may be performed during view rendering. Explicitly configure spring.jpa.open-in-view to disable this warning
2025-07-05 23:56:58.223 [main] INFO  o.a.coyote.http11.Http11NioProtocol - Starting ProtocolHandler ["http-nio-8081"]
2025-07-05 23:56:58.238 [main] INFO  o.s.b.w.e.tomcat.TomcatWebServer - Tomcat started on port 8081 (http) with context path '/'
2025-07-05 23:56:58.244 [main] INFO  r.khaziev.ClientModule.ClientModule - Started ClientModule in 4.662 seconds (process running for 5.205)
2025-07-05 23:57:03.346 [http-nio-8081-exec-1] INFO  o.a.c.c.C.[Tomcat].[localhost].[/] - Initializing Spring DispatcherServlet 'dispatcherServlet'
2025-07-05 23:57:03.346 [http-nio-8081-exec-1] INFO  o.s.web.servlet.DispatcherServlet - Initializing Servlet 'dispatcherServlet'
2025-07-05 23:57:03.347 [http-nio-8081-exec-1] INFO  o.s.web.servlet.DispatcherServlet - Completed initialization in 1 ms
2025-07-05 23:57:03.367 [http-nio-8081-exec-1] INFO  r.k.C.controller.ClientController - Handling /hello request
